#
# There is insufficient memory for the Java Runtime Environment to continue.
# Native memory allocation (malloc) failed to allocate 349696 bytes for Chunk::new
# Possible reasons:
#   The system is out of physical RAM or swap space
#   The process is running with CompressedOops enabled, and the Java Heap may be blocking the growth of the native heap
# Possible solutions:
#   Reduce memory load on the system
#   Increase physical memory or swap space
#   Check if swap backing store is full
#   Decrease Java heap size (-Xmx/-Xms)
#   Decrease number of Java threads
#   Decrease Java thread stack sizes (-Xss)
#   Set larger code cache with -XX:ReservedCodeCacheSize=
#   JVM is running with Unscaled Compressed Oops mode in which the Java heap is
#     placed in the first 4GB address space. The Java Heap base address is the
#     maximum limit for the native heap growth. Please use -XX:HeapBaseMinAddress
#     to set the Java Heap base and to place the Java Heap above 4GB virtual address.
# This output file may be truncated or incomplete.
#
#  Out of Memory Error (arena.cpp:189), pid=9652, tid=21416
#
# JRE version: Java(TM) SE Runtime Environment (17.0.1+12) (build 17.0.1+12-LTS-39)
# Java VM: Java HotSpot(TM) 64-Bit Server VM (17.0.1+12-LTS-39, mixed mode, sharing, tiered, compressed oops, compressed class ptrs, g1 gc, windows-amd64)
# No core dump will be written. Minidumps are not enabled by default on client versions of Windows
#

---------------  S U M M A R Y ------------

Command Line: -Dapplication.home=C:\Program Files\Java\jdk-17.0.1 --add-modules=ALL-DEFAULT -Xms8m -Djdk.module.main=jdk.compiler jdk.compiler/com.sun.tools.javac.Main -d C:\Users\Caro\Documents\GitHub\tamagotchi\build\classes -classpath C:\Users\Caro\Documents\GitHub\tamagotchi\build\classes -sourcepath C:\Users\Caro\Documents\GitHub\tamagotchi\build\empty -target 17 -encoding UTF-8 -g -processorpath C:\Users\Caro\Documents\GitHub\tamagotchi\build\empty -s C:\Users\Caro\Documents\GitHub\tamagotchi\build\generated-sources\ap-source-output -source 17 C:\Users\Caro\Documents\GitHub\tamagotchi\src\GamePanel\Room\Kitchen.java C:\Users\Caro\Documents\GitHub\tamagotchi\src\GamePanel\Room\Outdoor.java

Host: Intel(R) Core(TM) i5-7200U CPU @ 2.50GHz, 4 cores, 7G,  Windows 10 , 64 bit Build 19041 (10.0.19041.2364)
Time: Fri Jan 27 22:17:19 2023 Mitteleuropäische Zeit elapsed time: 0.831663 seconds (0d 0h 0m 0s)

---------------  T H R E A D  ---------------

Current thread (0x000002abe752ef70):  JavaThread "C2 CompilerThread0" daemon [_thread_in_native, id=21416, stack(0x000000b457d00000,0x000000b457e00000)]


Current CompileTask:
C2:    831 1159       4       java.util.regex.Pattern::compile (500 bytes)

Stack: [0x000000b457d00000,0x000000b457e00000]
Native frames: (J=compiled Java code, j=interpreted, Vv=VM code, C=native code)
V  [jvm.dll+0x66fa1a]
V  [jvm.dll+0x7ce5a4]
V  [jvm.dll+0x7cfd4e]
V  [jvm.dll+0x7d03b3]
V  [jvm.dll+0x242b05]
V  [jvm.dll+0xaa05b]
V  [jvm.dll+0xaa5ec]
V  [jvm.dll+0x2a953f]
V  [jvm.dll+0x5785a9]
V  [jvm.dll+0x21dd7d]
V  [jvm.dll+0x21e15f]
V  [jvm.dll+0x217a2a]
V  [jvm.dll+0x214f05]
V  [jvm.dll+0x1a168d]
V  [jvm.dll+0x224848]
V  [jvm.dll+0x2229ac]
V  [jvm.dll+0x78435b]
V  [jvm.dll+0x77e91a]
V  [jvm.dll+0x66e845]
C  [ucrtbase.dll+0x21bb2]
C  [KERNEL32.DLL+0x17614]
C  [ntdll.dll+0x526a1]


---------------  P R O C E S S  ---------------

Threads class SMR info:
_java_thread_list=0x000002abe845b390, length=13, elements={
0x000002abc9dce510, 0x000002abc9eab380, 0x000002abc9eac5e0, 0x000002abe751eac0,
0x000002abe7521890, 0x000002abe75228f0, 0x000002abe7523950, 0x000002abe752ef70,
0x000002abe7530950, 0x000002abe7536320, 0x000002abc9e94bf0, 0x000002abe8088410,
0x000002abe84b91c0
}

Java Threads: ( => current thread )
  0x000002abc9dce510 JavaThread "main" [_thread_in_Java, id=20568, stack(0x000000b457000000,0x000000b457100000)]
  0x000002abc9eab380 JavaThread "Reference Handler" daemon [_thread_blocked, id=6044, stack(0x000000b457700000,0x000000b457800000)]
  0x000002abc9eac5e0 JavaThread "Finalizer" daemon [_thread_blocked, id=14028, stack(0x000000b457800000,0x000000b457900000)]
  0x000002abe751eac0 JavaThread "Signal Dispatcher" daemon [_thread_blocked, id=20860, stack(0x000000b457900000,0x000000b457a00000)]
  0x000002abe7521890 JavaThread "Attach Listener" daemon [_thread_blocked, id=13980, stack(0x000000b457a00000,0x000000b457b00000)]
  0x000002abe75228f0 JavaThread "Service Thread" daemon [_thread_blocked, id=13788, stack(0x000000b457b00000,0x000000b457c00000)]
  0x000002abe7523950 JavaThread "Monitor Deflation Thread" daemon [_thread_blocked, id=20176, stack(0x000000b457c00000,0x000000b457d00000)]
=>0x000002abe752ef70 JavaThread "C2 CompilerThread0" daemon [_thread_in_native, id=21416, stack(0x000000b457d00000,0x000000b457e00000)]
  0x000002abe7530950 JavaThread "C1 CompilerThread0" daemon [_thread_blocked, id=3784, stack(0x000000b457e00000,0x000000b457f00000)]
  0x000002abe7536320 JavaThread "Sweeper thread" daemon [_thread_blocked, id=12512, stack(0x000000b457f00000,0x000000b458000000)]
  0x000002abc9e94bf0 JavaThread "Common-Cleaner" daemon [_thread_blocked, id=18272, stack(0x000000b458000000,0x000000b458100000)]
  0x000002abe8088410 JavaThread "Notification Thread" daemon [_thread_blocked, id=16376, stack(0x000000b458100000,0x000000b458200000)]
  0x000002abe84b91c0 JavaThread "C2 CompilerThread1" daemon [_thread_in_native, id=17128, stack(0x000000b458600000,0x000000b458700000)]

Other Threads:
  0x000002abc9ea2e10 VMThread "VM Thread" [stack: 0x000000b457600000,0x000000b457700000] [id=15564]
  0x000002abc9e95300 WatcherThread [stack: 0x000000b458200000,0x000000b458300000] [id=3448]
  0x000002abc9e0c720 GCTaskThread "GC Thread#0" [stack: 0x000000b457100000,0x000000b457200000] [id=6560]
  0x000002abe82d6920 GCTaskThread "GC Thread#1" [stack: 0x000000b458300000,0x000000b458400000] [id=20864]
  0x000002abe82fdfb0 GCTaskThread "GC Thread#2" [stack: 0x000000b458400000,0x000000b458500000] [id=7632]
  0x000002abe82fe260 GCTaskThread "GC Thread#3" [stack: 0x000000b458500000,0x000000b458600000] [id=15784]
  0x000002abc9e1e200 ConcurrentGCThread "G1 Main Marker" [stack: 0x000000b457200000,0x000000b457300000] [id=9744]
  0x000002abc9e1eb20 ConcurrentGCThread "G1 Conc#0" [stack: 0x000000b457300000,0x000000b457400000] [id=1516]
  0x000002abc9e36ac0 ConcurrentGCThread "G1 Refine#0" [stack: 0x000000b457400000,0x000000b457500000] [id=9440]
  0x000002abc9e373f0 ConcurrentGCThread "G1 Service" [stack: 0x000000b457500000,0x000000b457600000] [id=19692]

Threads with active compile tasks:
C2 CompilerThread0      868 1159       4       java.util.regex.Pattern::compile (500 bytes)
C2 CompilerThread1      868 1147       4       jdk.internal.jimage.ImageLocation::getFullName (109 bytes)

VM state: not at safepoint (normal execution)

VM Mutex/Monitor currently owned by a thread: None

Heap address: 0x0000000081c00000, size: 2020 MB, Compressed Oops mode: 32-bit

CDS archive(s) mapped at: [0x0000000800000000-0x0000000800bc0000-0x0000000800bc0000), size 12320768, SharedBaseAddress: 0x0000000800000000, ArchiveRelocationMode: 0.
Compressed class space mapped at: 0x0000000800c00000-0x0000000840c00000, reserved size: 1073741824
Narrow klass base: 0x0000000800000000, Narrow klass shift: 0, Narrow klass range: 0x100000000

GC Precious Log:
 CPUs: 4 total, 4 available
 Memory: 8077M
 Large Page Support: Disabled
 NUMA Support: Disabled
 Compressed Oops: Enabled (32-bit)
 Heap Region Size: 1M
 Heap Min Capacity: 8M
 Heap Initial Capacity: 8M
 Heap Max Capacity: 2020M
 Pre-touch: Disabled
 Parallel Workers: 4
 Concurrent Workers: 1
 Concurrent Refinement Workers: 4
 Periodic GC: Disabled

Heap:
 garbage-first heap   total 17408K, used 6340K [0x0000000081c00000, 0x0000000100000000)
  region size 1024K, 2 young (2048K), 1 survivors (1024K)
 Metaspace       used 8378K, committed 8640K, reserved 1064960K
  class space    used 967K, committed 1088K, reserved 1048576K

Heap Regions: E=young(eden), S=young(survivor), O=old, HS=humongous(starts), HC=humongous(continues), CS=collection set, F=free, OA=open archive, CA=closed archive, TAMS=top-at-mark-start (previous, next)
|   0|0x0000000081c00000, 0x0000000081d00000, 0x0000000081d00000|100%| O|  |TAMS 0x0000000081c00000, 0x0000000081c00000| Untracked 
|   1|0x0000000081d00000, 0x0000000081e00000, 0x0000000081e00000|100%| O|  |TAMS 0x0000000081d00000, 0x0000000081d00000| Untracked 
|   2|0x0000000081e00000, 0x0000000081f00000, 0x0000000081f00000|100%| O|  |TAMS 0x0000000081e00000, 0x0000000081e00000| Untracked 
|   3|0x0000000081f00000, 0x0000000082000000, 0x0000000082000000|100%| O|  |TAMS 0x0000000081f00000, 0x0000000081f00000| Untracked 
|   4|0x0000000082000000, 0x0000000082100000, 0x0000000082100000|100%| O|  |TAMS 0x0000000082000000, 0x0000000082000000| Untracked 
|   5|0x0000000082100000, 0x0000000082131200, 0x0000000082200000| 19%| O|  |TAMS 0x0000000082100000, 0x0000000082100000| Untracked 
|   6|0x0000000082200000, 0x0000000082200000, 0x0000000082300000|  0%| F|  |TAMS 0x0000000082200000, 0x0000000082200000| Untracked 
|   7|0x0000000082300000, 0x0000000082300000, 0x0000000082400000|  0%| F|  |TAMS 0x0000000082300000, 0x0000000082300000| Untracked 
|   8|0x0000000082400000, 0x0000000082400000, 0x0000000082500000|  0%| F|  |TAMS 0x0000000082400000, 0x0000000082400000| Untracked 
|   9|0x0000000082500000, 0x0000000082500000, 0x0000000082600000|  0%| F|  |TAMS 0x0000000082500000, 0x0000000082500000| Untracked 
|  10|0x0000000082600000, 0x0000000082700000, 0x0000000082700000|100%| S|CS|TAMS 0x0000000082600000, 0x0000000082600000| Complete 
|  11|0x0000000082700000, 0x0000000082700000, 0x0000000082800000|  0%| F|  |TAMS 0x0000000082700000, 0x0000000082700000| Untracked 
|  12|0x0000000082800000, 0x0000000082800000, 0x0000000082900000|  0%| F|  |TAMS 0x0000000082800000, 0x0000000082800000| Untracked 
|  13|0x0000000082900000, 0x0000000082900000, 0x0000000082a00000|  0%| F|  |TAMS 0x0000000082900000, 0x0000000082900000| Untracked 
|  14|0x0000000082a00000, 0x0000000082a00000, 0x0000000082b00000|  0%| F|  |TAMS 0x0000000082a00000, 0x0000000082a00000| Untracked 
|  15|0x0000000082b00000, 0x0000000082b00000, 0x0000000082c00000|  0%| F|  |TAMS 0x0000000082b00000, 0x0000000082b00000| Untracked 
|  16|0x0000000082c00000, 0x0000000082cf58b0, 0x0000000082d00000| 95%| E|  |TAMS 0x0000000082c00000, 0x0000000082c00000| Complete 

Card table byte_map: [0x000002abe09e0000,0x000002abe0de0000] _byte_map_base: 0x000002abe05d2000

Marking Bits (Prev, Next): (CMBitMap*) 0x000002abc9e0dc50, (CMBitMap*) 0x000002abc9e0dc90
 Prev Bits: [0x000002abe11e0000, 0x000002abe3170000)
 Next Bits: [0x000002abe3170000, 0x000002abe5100000)

Polling page: 0x000002abc95b0000

Metaspace:

Usage:
  Non-class:      7.24 MB used.
      Class:    967.97 KB used.
       Both:      8.18 MB used.

Virtual space:
  Non-class space:       16.00 MB reserved,       7.38 MB ( 46%) committed,  2 nodes.
      Class space:        1.00 GB reserved,       1.06 MB ( <1%) committed,  1 nodes.
             Both:        1.02 GB reserved,       8.44 MB ( <1%) committed. 

Chunk freelists:
   Non-Class:  2.36 MB
       Class:  2.92 MB
        Both:  5.28 MB

MaxMetaspaceSize: unlimited
CompressedClassSpaceSize: 1.00 GB
Initial GC threshold: 21.00 MB
Current GC threshold: 21.00 MB
CDS: on
MetaspaceReclaimPolicy: balanced
 - commit_granule_bytes: 65536.
 - commit_granule_words: 8192.
 - virtual_space_node_default_size: 1048576.
 - enlarge_chunks_in_place: 1.
 - new_chunks_are_fully_committed: 0.
 - uncommit_free_chunks: 1.
 - use_allocation_guard: 0.
 - handle_deallocations: 1.


Internal statistics:

num_allocs_failed_limit: 0.
num_arena_births: 68.
num_arena_deaths: 0.
num_vsnodes_births: 3.
num_vsnodes_deaths: 0.
num_space_committed: 135.
num_space_uncommitted: 0.
num_chunks_returned_to_freelist: 0.
num_chunks_taken_from_freelist: 356.
num_chunk_merges: 0.
num_chunk_splits: 247.
num_chunks_enlarged: 186.
num_purges: 0.
num_inconsistent_stats: 0.

CodeHeap 'non-profiled nmethods': size=120000Kb used=378Kb max_used=378Kb free=119621Kb
 bounds [0x000002abd90b0000, 0x000002abd9320000, 0x000002abe05e0000]
CodeHeap 'profiled nmethods': size=120000Kb used=1987Kb max_used=1987Kb free=118012Kb
 bounds [0x000002abd1b80000, 0x000002abd1df0000, 0x000002abd90b0000]
CodeHeap 'non-nmethods': size=5760Kb used=1124Kb max_used=1155Kb free=4635Kb
 bounds [0x000002abd15e0000, 0x000002abd1850000, 0x000002abd1b80000]
 total_blobs=1571 nmethods=1166 adapters=317
 compilation: enabled
              stopped_count=0, restarted_count=0
 full_count=0

Compilation events (20 events):
Event: 0.785 Thread 0x000002abe752ef70 nmethod 1148 0x000002abd910cb10 code [0x000002abd910cc80, 0x000002abd910cf38]
Event: 0.785 Thread 0x000002abe752ef70 1149       4       java.util.stream.Sink$ChainedReference::cancellationRequested (10 bytes)
Event: 0.786 Thread 0x000002abe752ef70 nmethod 1149 0x000002abd910d010 code [0x000002abd910d180, 0x000002abd910d218]
Event: 0.786 Thread 0x000002abe752ef70 1150       4       com.sun.tools.javac.file.BaseFileManager::getKind (55 bytes)
Event: 0.787 Thread 0x000002abe7530950 1152       3       java.util.Objects::checkFromIndexSize (8 bytes)
Event: 0.787 Thread 0x000002abe7530950 nmethod 1152 0x000002abd1d67b10 code [0x000002abd1d67cc0, 0x000002abd1d67ee8]
Event: 0.788 Thread 0x000002abe7530950 1153       1       jdk.internal.jimage.BasicImageReader::getByteOrder (5 bytes)
Event: 0.788 Thread 0x000002abe7530950 nmethod 1153 0x000002abd910d310 code [0x000002abd910d4a0, 0x000002abd910d578]
Event: 0.788 Thread 0x000002abe7530950 1154       1       jdk.internal.jimage.ImageReader$Node::setCompleted (6 bytes)
Event: 0.788 Thread 0x000002abe7530950 nmethod 1154 0x000002abd910d610 code [0x000002abd910d7a0, 0x000002abd910d878]
Event: 0.788 Thread 0x000002abe7530950 1155       3       jdk.internal.misc.Unsafe::checkSize (32 bytes)
Event: 0.789 Thread 0x000002abe7530950 nmethod 1155 0x000002abd1d68010 code [0x000002abd1d681c0, 0x000002abd1d68448]
Event: 0.789 Thread 0x000002abe7530950 1156       3       jdk.internal.jimage.ImageReader$Directory::<init> (18 bytes)
Event: 0.789 Thread 0x000002abe7530950 nmethod 1156 0x000002abd1d68590 code [0x000002abd1d687c0, 0x000002abd1d690b8]
Event: 0.790 Thread 0x000002abe7530950 1157       3       java.lang.Integer::valueOf (32 bytes)
Event: 0.790 Thread 0x000002abe7530950 nmethod 1157 0x000002abd1d69390 code [0x000002abd1d69540, 0x000002abd1d69858]
Event: 0.791 Thread 0x000002abe7530950 1158       3       jdk.internal.jimage.ImageReader$SharedImageReader::visitLocation (73 bytes)
Event: 0.792 Thread 0x000002abe7530950 nmethod 1158 0x000002abd1d69990 code [0x000002abd1d69c20, 0x000002abd1d6a9d8]
Event: 0.799 Thread 0x000002abe752ef70 nmethod 1150 0x000002abd910d910 code [0x000002abd910dac0, 0x000002abd910e118]
Event: 0.799 Thread 0x000002abe752ef70 1159       4       java.util.regex.Pattern::compile (500 bytes)

GC Heap History (20 events):
Event: 0.269 GC heap before
{Heap before GC invocations=0 (full 0):
 garbage-first heap   total 8192K, used 2048K [0x0000000081c00000, 0x0000000100000000)
  region size 1024K, 3 young (3072K), 0 survivors (0K)
 Metaspace       used 2919K, committed 3072K, reserved 1056768K
  class space    used 381K, committed 448K, reserved 1048576K
}
Event: 0.272 GC heap after
{Heap after GC invocations=1 (full 0):
 garbage-first heap   total 8192K, used 1172K [0x0000000081c00000, 0x0000000100000000)
  region size 1024K, 1 young (1024K), 1 survivors (1024K)
 Metaspace       used 2919K, committed 3072K, reserved 1056768K
  class space    used 381K, committed 448K, reserved 1048576K
}
Event: 0.354 GC heap before
{Heap before GC invocations=1 (full 0):
 garbage-first heap   total 8192K, used 1172K [0x0000000081c00000, 0x0000000100000000)
  region size 1024K, 2 young (2048K), 1 survivors (1024K)
 Metaspace       used 5259K, committed 5440K, reserved 1056768K
  class space    used 645K, committed 768K, reserved 1048576K
}
Event: 0.356 GC heap after
{Heap after GC invocations=2 (full 0):
 garbage-first heap   total 8192K, used 1740K [0x0000000081c00000, 0x0000000100000000)
  region size 1024K, 1 young (1024K), 1 survivors (1024K)
 Metaspace       used 5259K, committed 5440K, reserved 1056768K
  class space    used 645K, committed 768K, reserved 1048576K
}
Event: 0.422 GC heap before
{Heap before GC invocations=2 (full 0):
 garbage-first heap   total 8192K, used 2764K [0x0000000081c00000, 0x0000000100000000)
  region size 1024K, 2 young (2048K), 1 survivors (1024K)
 Metaspace       used 6652K, committed 6848K, reserved 1064960K
  class space    used 803K, committed 896K, reserved 1048576K
}
Event: 0.424 GC heap after
{Heap after GC invocations=3 (full 0):
 garbage-first heap   total 8192K, used 2161K [0x0000000081c00000, 0x0000000100000000)
  region size 1024K, 1 young (1024K), 1 survivors (1024K)
 Metaspace       used 6652K, committed 6848K, reserved 1064960K
  class space    used 803K, committed 896K, reserved 1048576K
}
Event: 0.485 GC heap before
{Heap before GC invocations=3 (full 0):
 garbage-first heap   total 8192K, used 3185K [0x0000000081c00000, 0x0000000100000000)
  region size 1024K, 2 young (2048K), 1 survivors (1024K)
 Metaspace       used 7566K, committed 7744K, reserved 1064960K
  class space    used 883K, committed 960K, reserved 1048576K
}
Event: 0.487 GC heap after
{Heap after GC invocations=4 (full 0):
 garbage-first heap   total 8192K, used 2435K [0x0000000081c00000, 0x0000000100000000)
  region size 1024K, 1 young (1024K), 1 survivors (1024K)
 Metaspace       used 7566K, committed 7744K, reserved 1064960K
  class space    used 883K, committed 960K, reserved 1048576K
}
Event: 0.528 GC heap before
{Heap before GC invocations=4 (full 0):
 garbage-first heap   total 8192K, used 3459K [0x0000000081c00000, 0x0000000100000000)
  region size 1024K, 2 young (2048K), 1 survivors (1024K)
 Metaspace       used 7798K, committed 8000K, reserved 1064960K
  class space    used 909K, committed 1024K, reserved 1048576K
}
Event: 0.530 GC heap after
{Heap after GC invocations=5 (full 0):
 garbage-first heap   total 10240K, used 2902K [0x0000000081c00000, 0x0000000100000000)
  region size 1024K, 1 young (1024K), 1 survivors (1024K)
 Metaspace       used 7798K, committed 8000K, reserved 1064960K
  class space    used 909K, committed 1024K, reserved 1048576K
}
Event: 0.578 GC heap before
{Heap before GC invocations=5 (full 0):
 garbage-first heap   total 10240K, used 4950K [0x0000000081c00000, 0x0000000100000000)
  region size 1024K, 3 young (3072K), 1 survivors (1024K)
 Metaspace       used 8026K, committed 8192K, reserved 1064960K
  class space    used 941K, committed 1024K, reserved 1048576K
}
Event: 0.580 GC heap after
{Heap after GC invocations=6 (full 0):
 garbage-first heap   total 10240K, used 3400K [0x0000000081c00000, 0x0000000100000000)
  region size 1024K, 1 young (1024K), 1 survivors (1024K)
 Metaspace       used 8026K, committed 8192K, reserved 1064960K
  class space    used 941K, committed 1024K, reserved 1048576K
}
Event: 0.625 GC heap before
{Heap before GC invocations=6 (full 0):
 garbage-first heap   total 10240K, used 5448K [0x0000000081c00000, 0x0000000100000000)
  region size 1024K, 3 young (3072K), 1 survivors (1024K)
 Metaspace       used 8139K, committed 8320K, reserved 1064960K
  class space    used 950K, committed 1024K, reserved 1048576K
}
Event: 0.628 GC heap after
{Heap after GC invocations=7 (full 0):
 garbage-first heap   total 10240K, used 3640K [0x0000000081c00000, 0x0000000100000000)
  region size 1024K, 1 young (1024K), 1 survivors (1024K)
 Metaspace       used 8139K, committed 8320K, reserved 1064960K
  class space    used 950K, committed 1024K, reserved 1048576K
}
Event: 0.652 GC heap before
{Heap before GC invocations=7 (full 0):
 garbage-first heap   total 10240K, used 5688K [0x0000000081c00000, 0x0000000100000000)
  region size 1024K, 3 young (3072K), 1 survivors (1024K)
 Metaspace       used 8206K, committed 8448K, reserved 1064960K
  class space    used 958K, committed 1088K, reserved 1048576K
}
Event: 0.654 GC heap after
{Heap after GC invocations=8 (full 0):
 garbage-first heap   total 10240K, used 3985K [0x0000000081c00000, 0x0000000100000000)
  region size 1024K, 1 young (1024K), 1 survivors (1024K)
 Metaspace       used 8206K, committed 8448K, reserved 1064960K
  class space    used 958K, committed 1088K, reserved 1048576K
}
Event: 0.713 GC heap before
{Heap before GC invocations=8 (full 0):
 garbage-first heap   total 10240K, used 6033K [0x0000000081c00000, 0x0000000100000000)
  region size 1024K, 3 young (3072K), 1 survivors (1024K)
 Metaspace       used 8313K, committed 8512K, reserved 1064960K
  class space    used 965K, committed 1088K, reserved 1048576K
}
Event: 0.715 GC heap after
{Heap after GC invocations=9 (full 0):
 garbage-first heap   total 17408K, used 4510K [0x0000000081c00000, 0x0000000100000000)
  region size 1024K, 1 young (1024K), 1 survivors (1024K)
 Metaspace       used 8313K, committed 8512K, reserved 1064960K
  class space    used 965K, committed 1088K, reserved 1048576K
}
Event: 0.754 GC heap before
{Heap before GC invocations=9 (full 0):
 garbage-first heap   total 17408K, used 8606K [0x0000000081c00000, 0x0000000100000000)
  region size 1024K, 6 young (6144K), 1 survivors (1024K)
 Metaspace       used 8324K, committed 8512K, reserved 1064960K
  class space    used 965K, committed 1088K, reserved 1048576K
}
Event: 0.758 GC heap after
{Heap after GC invocations=10 (full 0):
 garbage-first heap   total 17408K, used 5206K [0x0000000081c00000, 0x0000000100000000)
  region size 1024K, 1 young (1024K), 1 survivors (1024K)
 Metaspace       used 8324K, committed 8512K, reserved 1064960K
  class space    used 965K, committed 1088K, reserved 1048576K
}

Deoptimization events (20 events):
Event: 0.623 Thread 0x000002abc9dce510 DEOPT PACKING pc=0x000002abd1c68356 sp=0x000000b4570fde40
Event: 0.623 Thread 0x000002abc9dce510 DEOPT UNPACKING pc=0x000002abd1632b43 sp=0x000000b4570fd2c8 mode 0
Event: 0.623 Thread 0x000002abc9dce510 DEOPT PACKING pc=0x000002abd1c68356 sp=0x000000b4570fdd80
Event: 0.623 Thread 0x000002abc9dce510 DEOPT UNPACKING pc=0x000002abd1632b43 sp=0x000000b4570fd208 mode 0
Event: 0.650 Thread 0x000002abc9dce510 Uncommon trap: trap_request=0xffffff45 fr.pc=0x000002abd90fc1c0 relative=0x00000000000008e0
Event: 0.650 Thread 0x000002abc9dce510 Uncommon trap: reason=unstable_if action=reinterpret pc=0x000002abd90fc1c0 method=jdk.internal.jimage.ImageStringsReader.stringFromByteBuffer(Ljava/nio/ByteBuffer;I)Ljava/lang/String; @ 7 c2
Event: 0.650 Thread 0x000002abc9dce510 DEOPT PACKING pc=0x000002abd90fc1c0 sp=0x000000b4570fdde0
Event: 0.650 Thread 0x000002abc9dce510 DEOPT UNPACKING pc=0x000002abd16323a3 sp=0x000000b4570fdc50 mode 2
Event: 0.650 Thread 0x000002abc9dce510 Uncommon trap: trap_request=0xffffff45 fr.pc=0x000002abd90f351c relative=0x00000000000007dc
Event: 0.650 Thread 0x000002abc9dce510 Uncommon trap: reason=unstable_if action=reinterpret pc=0x000002abd90f351c method=jdk.internal.jimage.ImageStringsReader.stringFromByteBuffer(Ljava/nio/ByteBuffer;I)Ljava/lang/String; @ 7 c2
Event: 0.650 Thread 0x000002abc9dce510 DEOPT PACKING pc=0x000002abd90f351c sp=0x000000b4570fdc20
Event: 0.650 Thread 0x000002abc9dce510 DEOPT UNPACKING pc=0x000002abd16323a3 sp=0x000000b4570fdbc8 mode 2
Event: 0.681 Thread 0x000002abc9dce510 Uncommon trap: trap_request=0xffffff45 fr.pc=0x000002abd90ffc50 relative=0x0000000000000810
Event: 0.681 Thread 0x000002abc9dce510 Uncommon trap: reason=unstable_if action=reinterpret pc=0x000002abd90ffc50 method=jdk.internal.jimage.ImageStringsReader.stringFromByteBuffer(Ljava/nio/ByteBuffer;I)Ljava/lang/String; @ 7 c2
Event: 0.681 Thread 0x000002abc9dce510 DEOPT PACKING pc=0x000002abd90ffc50 sp=0x000000b4570fdd50
Event: 0.681 Thread 0x000002abc9dce510 DEOPT UNPACKING pc=0x000002abd16323a3 sp=0x000000b4570fdc90 mode 2
Event: 0.696 Thread 0x000002abc9dce510 Uncommon trap: trap_request=0xffffff45 fr.pc=0x000002abd90e7f60 relative=0x0000000000000060
Event: 0.696 Thread 0x000002abc9dce510 Uncommon trap: reason=unstable_if action=reinterpret pc=0x000002abd90e7f60 method=com.sun.tools.javac.jvm.PoolReader.sizeof(I)I @ 1 c2
Event: 0.696 Thread 0x000002abc9dce510 DEOPT PACKING pc=0x000002abd90e7f60 sp=0x000000b4570fe3a0
Event: 0.696 Thread 0x000002abc9dce510 DEOPT UNPACKING pc=0x000002abd16323a3 sp=0x000000b4570fe330 mode 2

Classes unloaded (0 events):
No events

Classes redefined (0 events):
No events

Internal exceptions (20 events):
Event: 0.551 Thread 0x000002abc9dce510 Exception <a 'sun/nio/fs/WindowsException'{0x000000008258d4c8}> (0x000000008258d4c8) 
thrown [t:\workspace\open\src\hotspot\share\prims\jni.cpp, line 516]
Event: 0.605 Thread 0x000002abc9dce510 Exception <a 'sun/nio/fs/WindowsException'{0x0000000082420a58}> (0x0000000082420a58) 
thrown [t:\workspace\open\src\hotspot\share\prims\jni.cpp, line 516]
Event: 0.608 Thread 0x000002abc9dce510 Exception <a 'sun/nio/fs/WindowsException'{0x0000000082425fe0}> (0x0000000082425fe0) 
thrown [t:\workspace\open\src\hotspot\share\prims\jni.cpp, line 516]
Event: 0.608 Thread 0x000002abc9dce510 Exception <a 'sun/nio/fs/WindowsException'{0x0000000082426290}> (0x0000000082426290) 
thrown [t:\workspace\open\src\hotspot\share\prims\jni.cpp, line 516]
Event: 0.612 Thread 0x000002abc9dce510 Exception <a 'java/lang/NoSuchMethodError'{0x0000000082436a38}: 'int java.lang.invoke.DirectMethodHandle$Holder.invokeSpecial(java.lang.Object, java.lang.Object, java.lang.Object)'> (0x0000000082436a38) 
thrown [t:\workspace\open\src\hotspot\share\interpreter\linkResolver.cpp, line 766]
Event: 0.613 Thread 0x000002abc9dce510 Exception <a 'sun/nio/fs/WindowsException'{0x000000008243cf80}> (0x000000008243cf80) 
thrown [t:\workspace\open\src\hotspot\share\prims\jni.cpp, line 516]
Event: 0.616 Thread 0x000002abc9dce510 Exception <a 'sun/nio/fs/WindowsException'{0x0000000082442fa0}> (0x0000000082442fa0) 
thrown [t:\workspace\open\src\hotspot\share\prims\jni.cpp, line 516]
Event: 0.616 Thread 0x000002abc9dce510 Exception <a 'sun/nio/fs/WindowsException'{0x0000000082443270}> (0x0000000082443270) 
thrown [t:\workspace\open\src\hotspot\share\prims\jni.cpp, line 516]
Event: 0.617 Thread 0x000002abc9dce510 Exception <a 'java/lang/NoSuchMethodError'{0x0000000082445898}: 'java.lang.Object java.lang.invoke.DirectMethodHandle$Holder.invokeStatic(java.lang.Object, java.lang.Object, int, int)'> (0x0000000082445898) 
thrown [t:\workspace\open\src\hotspot\share\interpreter\linkResolver.cpp, line 766]
Event: 0.621 Thread 0x000002abc9dce510 Exception <a 'sun/nio/fs/WindowsException'{0x0000000082454ea8}> (0x0000000082454ea8) 
thrown [t:\workspace\open\src\hotspot\share\prims\jni.cpp, line 516]
Event: 0.621 Thread 0x000002abc9dce510 Exception <a 'sun/nio/fs/WindowsException'{0x0000000082455148}> (0x0000000082455148) 
thrown [t:\workspace\open\src\hotspot\share\prims\jni.cpp, line 516]
Event: 0.621 Thread 0x000002abc9dce510 Exception <a 'sun/nio/fs/WindowsException'{0x0000000082456138}> (0x0000000082456138) 
thrown [t:\workspace\open\src\hotspot\share\prims\jni.cpp, line 516]
Event: 0.621 Thread 0x000002abc9dce510 Exception <a 'sun/nio/fs/WindowsException'{0x00000000824563c8}> (0x00000000824563c8) 
thrown [t:\workspace\open\src\hotspot\share\prims\jni.cpp, line 516]
Event: 0.762 Thread 0x000002abc9dce510 Exception <a 'sun/nio/fs/WindowsException'{0x0000000082c22280}> (0x0000000082c22280) 
thrown [t:\workspace\open\src\hotspot\share\prims\jni.cpp, line 516]
Event: 0.762 Thread 0x000002abc9dce510 Exception <a 'sun/nio/fs/WindowsException'{0x0000000082c22520}> (0x0000000082c22520) 
thrown [t:\workspace\open\src\hotspot\share\prims\jni.cpp, line 516]
Event: 0.763 Thread 0x000002abc9dce510 Exception <a 'sun/nio/fs/WindowsException'{0x0000000082c23510}> (0x0000000082c23510) 
thrown [t:\workspace\open\src\hotspot\share\prims\jni.cpp, line 516]
Event: 0.763 Thread 0x000002abc9dce510 Exception <a 'sun/nio/fs/WindowsException'{0x0000000082c237a8}> (0x0000000082c237a8) 
thrown [t:\workspace\open\src\hotspot\share\prims\jni.cpp, line 516]
Event: 0.774 Thread 0x000002abc9dce510 Exception <a 'sun/nio/fs/WindowsException'{0x0000000082c93330}> (0x0000000082c93330) 
thrown [t:\workspace\open\src\hotspot\share\prims\jni.cpp, line 516]
Event: 0.777 Thread 0x000002abc9dce510 Exception <a 'sun/nio/fs/WindowsException'{0x0000000082c96d28}> (0x0000000082c96d28) 
thrown [t:\workspace\open\src\hotspot\share\prims\jni.cpp, line 516]
Event: 0.777 Thread 0x000002abc9dce510 Exception <a 'sun/nio/fs/WindowsException'{0x0000000082c96fd8}> (0x0000000082c96fd8) 
thrown [t:\workspace\open\src\hotspot\share\prims\jni.cpp, line 516]

VM Operations (20 events):
Event: 0.422 Executing VM operation: G1CollectForAllocation
Event: 0.424 Executing VM operation: G1CollectForAllocation done
Event: 0.467 Executing VM operation: HandshakeAllThreads
Event: 0.467 Executing VM operation: HandshakeAllThreads done
Event: 0.485 Executing VM operation: G1CollectForAllocation
Event: 0.487 Executing VM operation: G1CollectForAllocation done
Event: 0.527 Executing VM operation: G1CollectForAllocation
Event: 0.530 Executing VM operation: G1CollectForAllocation done
Event: 0.578 Executing VM operation: G1CollectForAllocation
Event: 0.580 Executing VM operation: G1CollectForAllocation done
Event: 0.625 Executing VM operation: G1CollectForAllocation
Event: 0.628 Executing VM operation: G1CollectForAllocation done
Event: 0.650 Executing VM operation: HandshakeAllThreads
Event: 0.650 Executing VM operation: HandshakeAllThreads done
Event: 0.652 Executing VM operation: G1CollectForAllocation
Event: 0.654 Executing VM operation: G1CollectForAllocation done
Event: 0.713 Executing VM operation: G1CollectForAllocation
Event: 0.716 Executing VM operation: G1CollectForAllocation done
Event: 0.754 Executing VM operation: G1CollectForAllocation
Event: 0.758 Executing VM operation: G1CollectForAllocation done

Events (20 events):
Event: 0.545 loading class java/util/stream/Node$OfInt done
Event: 0.545 loading class java/util/stream/Nodes$EmptyNode$OfInt done
Event: 0.545 loading class java/util/stream/Nodes$EmptyNode$OfLong
Event: 0.545 loading class java/util/stream/Node$OfLong
Event: 0.545 loading class java/util/stream/Node$OfLong done
Event: 0.545 loading class java/util/stream/Nodes$EmptyNode$OfLong done
Event: 0.545 loading class java/util/stream/Nodes$EmptyNode$OfDouble
Event: 0.545 loading class java/util/stream/Node$OfDouble
Event: 0.545 loading class java/util/stream/Node$OfDouble done
Event: 0.545 loading class java/util/stream/Nodes$EmptyNode$OfDouble done
Event: 0.545 loading class java/util/stream/Nodes$SpinedNodeBuilder
Event: 0.546 loading class java/util/stream/Node$Builder
Event: 0.546 loading class java/util/stream/Node$Builder done
Event: 0.546 loading class java/util/stream/Nodes$SpinedNodeBuilder done
Event: 0.546 loading class sun/nio/fs/WindowsPath$WindowsPathWithAttributes
Event: 0.546 loading class sun/nio/fs/BasicFileAttributesHolder
Event: 0.546 loading class sun/nio/fs/BasicFileAttributesHolder done
Event: 0.546 loading class sun/nio/fs/WindowsPath$WindowsPathWithAttributes done
Event: 0.650 loading class jdk/internal/jimage/ImageReader$LinkNode
Event: 0.650 loading class jdk/internal/jimage/ImageReader$LinkNode done


Dynamic libraries:
0x00007ff71c550000 - 0x00007ff71c558000 	C:\Program Files\Java\jdk-17.0.1\bin\javac.exe
0x00007ff803070000 - 0x00007ff803268000 	C:\WINDOWS\SYSTEM32\ntdll.dll
0x00007ff8013f0000 - 0x00007ff8014af000 	C:\WINDOWS\System32\KERNEL32.DLL
0x00007ff800cc0000 - 0x00007ff800f92000 	C:\WINDOWS\System32\KERNELBASE.dll
0x00007ff800900000 - 0x00007ff800a00000 	C:\WINDOWS\System32\ucrtbase.dll
0x00007ffffc020000 - 0x00007ffffc03a000 	C:\Program Files\Java\jdk-17.0.1\bin\VCRUNTIME140.dll
0x00007ffffc740000 - 0x00007ffffc758000 	C:\Program Files\Java\jdk-17.0.1\bin\jli.dll
0x00007ff802f50000 - 0x00007ff802ffe000 	C:\WINDOWS\System32\ADVAPI32.dll
0x00007ff802cd0000 - 0x00007ff802d6e000 	C:\WINDOWS\System32\msvcrt.dll
0x00007ff8016c0000 - 0x00007ff80175c000 	C:\WINDOWS\System32\sechost.dll
0x00007ff8012c0000 - 0x00007ff8013e5000 	C:\WINDOWS\System32\RPCRT4.dll
0x00007ff801080000 - 0x00007ff801221000 	C:\WINDOWS\System32\USER32.dll
0x00007ff801050000 - 0x00007ff801072000 	C:\WINDOWS\System32\win32u.dll
0x00007fffffac0000 - 0x00007fffffd5a000 	C:\WINDOWS\WinSxS\amd64_microsoft.windows.common-controls_6595b64144ccf1df_6.0.19041.1110_none_60b5254171f9507e\COMCTL32.dll
0x00007ff801290000 - 0x00007ff8012bb000 	C:\WINDOWS\System32\GDI32.dll
0x00007ff800b80000 - 0x00007ff800c8f000 	C:\WINDOWS\System32\gdi32full.dll
0x00007ff800ae0000 - 0x00007ff800b7d000 	C:\WINDOWS\System32\msvcp_win.dll
0x00007ffffcad0000 - 0x00007ffffcada000 	C:\WINDOWS\SYSTEM32\VERSION.dll
0x00007ff802e30000 - 0x00007ff802e62000 	C:\WINDOWS\System32\IMM32.DLL
0x00007ff800140000 - 0x00007ff80014c000 	C:\Program Files\Java\jdk-17.0.1\bin\vcruntime140_1.dll
0x00007fffd6a40000 - 0x00007fffd6acd000 	C:\Program Files\Java\jdk-17.0.1\bin\msvcp140.dll
0x00007fffb3bc0000 - 0x00007fffb477e000 	C:\Program Files\Java\jdk-17.0.1\bin\server\jvm.dll
0x00007ff802e20000 - 0x00007ff802e28000 	C:\WINDOWS\System32\PSAPI.DLL
0x00007fffecda0000 - 0x00007fffecdc7000 	C:\WINDOWS\SYSTEM32\WINMM.dll
0x00007fffecce0000 - 0x00007fffecce9000 	C:\WINDOWS\SYSTEM32\WSOCK32.dll
0x00007ff801a40000 - 0x00007ff801aab000 	C:\WINDOWS\System32\WS2_32.dll
0x00007ffffe900000 - 0x00007ffffe912000 	C:\WINDOWS\SYSTEM32\kernel.appcore.dll
0x00007ffffc650000 - 0x00007ffffc65a000 	C:\Program Files\Java\jdk-17.0.1\bin\jimage.dll
0x00007ff800160000 - 0x00007ff800344000 	C:\WINDOWS\SYSTEM32\DBGHELP.DLL
0x00007ff8000a0000 - 0x00007ff8000d5000 	C:\WINDOWS\SYSTEM32\dbgcore.DLL
0x00007ff800a50000 - 0x00007ff800ad2000 	C:\WINDOWS\System32\bcryptPrimitives.dll
0x00007ffffbf70000 - 0x00007ffffbf95000 	C:\Program Files\Java\jdk-17.0.1\bin\java.dll
0x00007fffce900000 - 0x00007fffce9d6000 	C:\Program Files\Java\jdk-17.0.1\bin\svml.dll
0x00007ff801ff0000 - 0x00007ff802734000 	C:\WINDOWS\System32\SHELL32.dll
0x00007ffffd8c0000 - 0x00007ffffe052000 	C:\WINDOWS\SYSTEM32\windows.storage.dll
0x00007ff801b20000 - 0x00007ff801e75000 	C:\WINDOWS\System32\combase.dll
0x00007ff800000000 - 0x00007ff800030000 	C:\WINDOWS\SYSTEM32\Wldp.dll
0x00007ff801f40000 - 0x00007ff801fed000 	C:\WINDOWS\System32\SHCORE.dll
0x00007ff801230000 - 0x00007ff801285000 	C:\WINDOWS\System32\shlwapi.dll
0x00007ff800670000 - 0x00007ff80068f000 	C:\WINDOWS\SYSTEM32\profapi.dll
0x00007ffff7300000 - 0x00007ffff7319000 	C:\Program Files\Java\jdk-17.0.1\bin\net.dll
0x00007ffff3c50000 - 0x00007ffff3d5c000 	C:\WINDOWS\SYSTEM32\WINHTTP.dll
0x00007fffff740000 - 0x00007fffff7aa000 	C:\WINDOWS\system32\mswsock.dll
0x00007ffff66b0000 - 0x00007ffff66c5000 	C:\Program Files\Java\jdk-17.0.1\bin\nio.dll

dbghelp: loaded successfully - version: 4.0.5 - missing functions: none
symbol engine: initialized successfully - sym options: 0x614 - pdb path: .;C:\Program Files\Java\jdk-17.0.1\bin;C:\WINDOWS\SYSTEM32;C:\WINDOWS\WinSxS\amd64_microsoft.windows.common-controls_6595b64144ccf1df_6.0.19041.1110_none_60b5254171f9507e;C:\Program Files\Java\jdk-17.0.1\bin\server

VM Arguments:
jvm_args: -Dapplication.home=C:\Program Files\Java\jdk-17.0.1 --add-modules=ALL-DEFAULT -Xms8m -Djdk.module.main=jdk.compiler 
java_command: jdk.compiler/com.sun.tools.javac.Main -d C:\Users\Caro\Documents\GitHub\tamagotchi\build\classes -classpath C:\Users\Caro\Documents\GitHub\tamagotchi\build\classes -sourcepath C:\Users\Caro\Documents\GitHub\tamagotchi\build\empty -target 17 -encoding UTF-8 -g -processorpath C:\Users\Caro\Documents\GitHub\tamagotchi\build\empty -s C:\Users\Caro\Documents\GitHub\tamagotchi\build\generated-sources\ap-source-output -source 17 C:\Users\Caro\Documents\GitHub\tamagotchi\src\GamePanel\Room\Kitchen.java C:\Users\Caro\Documents\GitHub\tamagotchi\src\GamePanel\Room\Outdoor.java
java_class_path (initial): <not set>
Launcher Type: SUN_STANDARD

[Global flags]
     intx CICompilerCount                          = 3                                         {product} {ergonomic}
     uint ConcGCThreads                            = 1                                         {product} {ergonomic}
     uint G1ConcRefinementThreads                  = 4                                         {product} {ergonomic}
   size_t G1HeapRegionSize                         = 1048576                                   {product} {ergonomic}
    uintx GCDrainStackTargetSize                   = 64                                        {product} {ergonomic}
   size_t InitialHeapSize                          = 8388608                                   {product} {command line}
   size_t MarkStackSize                            = 4194304                                   {product} {ergonomic}
   size_t MaxHeapSize                              = 2118123520                                {product} {ergonomic}
   size_t MaxNewSize                               = 1270874112                                {product} {ergonomic}
   size_t MinHeapDeltaBytes                        = 1048576                                   {product} {ergonomic}
   size_t MinHeapSize                              = 8388608                                   {product} {command line}
    uintx NonNMethodCodeHeapSize                   = 5832780                                {pd product} {ergonomic}
    uintx NonProfiledCodeHeapSize                  = 122912730                              {pd product} {ergonomic}
    uintx ProfiledCodeHeapSize                     = 122912730                              {pd product} {ergonomic}
    uintx ReservedCodeCacheSize                    = 251658240                              {pd product} {ergonomic}
     bool SegmentedCodeCache                       = true                                      {product} {ergonomic}
   size_t SoftMaxHeapSize                          = 2118123520                             {manageable} {ergonomic}
     bool UseCompressedClassPointers               = true                           {product lp64_product} {ergonomic}
     bool UseCompressedOops                        = true                           {product lp64_product} {ergonomic}
     bool UseG1GC                                  = true                                      {product} {ergonomic}
     bool UseLargePagesIndividualAllocation        = false                                  {pd product} {ergonomic}

Logging:
Log output configuration:
 #0: stdout all=warning uptime,level,tags
 #1: stderr all=off uptime,level,tags

Environment Variables:
PATH=C:\Program Files\Common Files\Oracle\Java\javapath;C:\Program Files (x86)\Intel\iCLS Client\;C:\Program Files\Intel\iCLS Client\;C:\WINDOWS\system32;C:\WINDOWS;C:\WINDOWS\System32\Wbem;C:\WINDOWS\System32\WindowsPowerShell\v1.0\;C:\Program Files (x86)\Intel\Intel(R) Management Engine Components\DAL;C:\Program Files\Intel\Intel(R) Management Engine Components\DAL;C:\Program Files (x86)\Intel\Intel(R) Management Engine Components\IPT;C:\Program Files\Intel\Intel(R) Management Engine Components\IPT;C:\WINDOWS\System32\OpenSSH\;C:\Program Files\Intel\WiFi\bin\;C:\Program Files\Common Files\Intel\WirelessCommon\;C:\Program Files\Microsoft SQL Server\Client SDK\ODBC\170\Tools\Binn\;C:\Program Files (x86)\Microsoft SQL Server\150\Tools\Binn\;C:\Program Files\Microsoft SQL Server\150\Tools\Binn\;C:\Program Files\Microsoft SQL Server\150\DTS\Binn\;C:\Program Files\nodejs\;C:\Program Files\Git\cmd;C:\Users\Caro\AppData\Local\Microsoft\WindowsApps;C:\Users\Caro\AppData\Local\Programs\Microsoft VS Code\bin;C:\Users\Caro\AppData\Local\GitHubDesktop\bin;C:\Users\Caro\AppData\Roaming\npm
USERNAME=Caro
OS=Windows_NT
PROCESSOR_IDENTIFIER=Intel64 Family 6 Model 142 Stepping 9, GenuineIntel



---------------  S Y S T E M  ---------------

OS:
 Windows 10 , 64 bit Build 19041 (10.0.19041.2364)
OS uptime: 1 days 9:56 hours

CPU: total 4 (initial active 4) (2 cores per cpu, 2 threads per core) family 6 model 142 stepping 9 microcode 0xb4, cx8, cmov, fxsr, ht, mmx, 3dnowpref, sse, sse2, sse3, ssse3, sse4.1, sse4.2, popcnt, lzcnt, tsc, tscinvbit, avx, avx2, aes, erms, clmul, bmi1, bmi2, adx, fma, vzeroupper, clflush, clflushopt

Memory: 4k page, system-wide physical 8077M (1866M free)
TotalPageFile size 18913M (AvailPageFile size 4M)
current process WorkingSet (physical memory assigned to process): 73M, peak: 74M
current process commit charge ("private bytes"): 103M, peak: 104M

vm_info: Java HotSpot(TM) 64-Bit Server VM (17.0.1+12-LTS-39) for windows-amd64 JRE (17.0.1+12-LTS-39), built on Sep 27 2021 18:41:35 by "mach5one" with MS VC++ 16.8 (VS2019)

END.
