#
# There is insufficient memory for the Java Runtime Environment to continue.
# Native memory allocation (mmap) failed to map 65536 bytes for Failed to commit metaspace.
# Possible reasons:
#   The system is out of physical RAM or swap space
#   The process is running with CompressedOops enabled, and the Java Heap may be blocking the growth of the native heap
# Possible solutions:
#   Reduce memory load on the system
#   Increase physical memory or swap space
#   Check if swap backing store is full
#   Decrease Java heap size (-Xmx/-Xms)
#   Decrease number of Java threads
#   Decrease Java thread stack sizes (-Xss)
#   Set larger code cache with -XX:ReservedCodeCacheSize=
#   JVM is running with Unscaled Compressed Oops mode in which the Java heap is
#     placed in the first 4GB address space. The Java Heap base address is the
#     maximum limit for the native heap growth. Please use -XX:HeapBaseMinAddress
#     to set the Java Heap base and to place the Java Heap above 4GB virtual address.
# This output file may be truncated or incomplete.
#
#  Out of Memory Error (virtualSpaceNode.cpp:110), pid=22152, tid=3448
#
# JRE version: Java(TM) SE Runtime Environment (17.0.1+12) (build 17.0.1+12-LTS-39)
# Java VM: Java HotSpot(TM) 64-Bit Server VM (17.0.1+12-LTS-39, mixed mode, sharing, tiered, compressed oops, compressed class ptrs, g1 gc, windows-amd64)
# No core dump will be written. Minidumps are not enabled by default on client versions of Windows
#

---------------  S U M M A R Y ------------

Command Line: -Dfile.encoding=UTF-8 Main

Host: Intel(R) Core(TM) i5-7200U CPU @ 2.50GHz, 4 cores, 7G,  Windows 10 , 64 bit Build 19041 (10.0.19041.2364)
Time: Fri Jan 27 22:11:16 2023 Mitteleuropäische Zeit elapsed time: 0.226959 seconds (0d 0h 0m 0s)

---------------  T H R E A D  ---------------

Current thread (0x000001a5feaec590):  JavaThread "main" [_thread_in_vm, id=3448, stack(0x0000000b60600000,0x0000000b60700000)]

Stack: [0x0000000b60600000,0x0000000b60700000]
Native frames: (J=compiled Java code, j=interpreted, Vv=VM code, C=native code)
V  [jvm.dll+0x66fa1a]
V  [jvm.dll+0x7ce5a4]
V  [jvm.dll+0x7cfd4e]
V  [jvm.dll+0x7d03b3]
V  [jvm.dll+0x242b05]
V  [jvm.dll+0x7ca54b]
V  [jvm.dll+0x615b76]
V  [jvm.dll+0x615bda]
V  [jvm.dll+0x6183ea]
V  [jvm.dll+0x616516]
V  [jvm.dll+0x2405cc]
V  [jvm.dll+0x6c5edd]
V  [jvm.dll+0x6c690f]
V  [jvm.dll+0x36c1c3]
V  [jvm.dll+0x36c036]
V  [jvm.dll+0x36b382]
V  [jvm.dll+0x36b328]
V  [jvm.dll+0x559245]
V  [jvm.dll+0x55836d]
V  [jvm.dll+0x37f027]
V  [jvm.dll+0x37e67f]
C  0x000001a58774a5ec

Java frames: (J=compiled Java code, j=interpreted, Vv=VM code)
j  sun.awt.Win32GraphicsEnvironment.makeScreenDevice(I)Ljava/awt/GraphicsDevice;+9 java.desktop@17.0.1
j  sun.java2d.SunGraphicsEnvironment.getScreenDevices()[Ljava/awt/GraphicsDevice;+30 java.desktop@17.0.1
j  sun.awt.Win32GraphicsEnvironment.getDefaultScreenDevice()Ljava/awt/GraphicsDevice;+1 java.desktop@17.0.1
j  java.awt.Window.initGC(Ljava/awt/GraphicsConfiguration;)Ljava/awt/GraphicsConfiguration;+10 java.desktop@17.0.1
j  java.awt.Window.init(Ljava/awt/GraphicsConfiguration;)V+45 java.desktop@17.0.1
j  java.awt.Window.<init>()V+124 java.desktop@17.0.1
j  java.awt.Frame.<init>(Ljava/lang/String;)V+1 java.desktop@17.0.1
j  javax.swing.JFrame.<init>(Ljava/lang/String;)V+2 java.desktop@17.0.1
j  Tamagotchi.<init>()V+3
j  Main.main([Ljava/lang/String;)V+4
v  ~StubRoutines::call_stub

---------------  P R O C E S S  ---------------

Threads class SMR info:
_java_thread_list=0x000001a59d08d220, length=12, elements={
0x000001a5feaec590, 0x000001a5ffc311b0, 0x000001a5ffc32020, 0x000001a5ffc45dd0,
0x000001a5ffc467f0, 0x000001a5ffc471a0, 0x000001a5ffc47b50, 0x000001a5ffc4a8f0,
0x000001a5ffc4bba0, 0x000001a5ffcab410, 0x000001a59d080c80, 0x000001a59d090050
}

Java Threads: ( => current thread )
=>0x000001a5feaec590 JavaThread "main" [_thread_in_vm, id=3448, stack(0x0000000b60600000,0x0000000b60700000)]
  0x000001a5ffc311b0 JavaThread "Reference Handler" daemon [_thread_blocked, id=16064, stack(0x0000000b60d00000,0x0000000b60e00000)]
  0x000001a5ffc32020 JavaThread "Finalizer" daemon [_thread_blocked, id=14736, stack(0x0000000b60e00000,0x0000000b60f00000)]
  0x000001a5ffc45dd0 JavaThread "Signal Dispatcher" daemon [_thread_blocked, id=12284, stack(0x0000000b60f00000,0x0000000b61000000)]
  0x000001a5ffc467f0 JavaThread "Attach Listener" daemon [_thread_blocked, id=12808, stack(0x0000000b61000000,0x0000000b61100000)]
  0x000001a5ffc471a0 JavaThread "Service Thread" daemon [_thread_blocked, id=19524, stack(0x0000000b61100000,0x0000000b61200000)]
  0x000001a5ffc47b50 JavaThread "Monitor Deflation Thread" daemon [_thread_blocked, id=8808, stack(0x0000000b61200000,0x0000000b61300000)]
  0x000001a5ffc4a8f0 JavaThread "C2 CompilerThread0" daemon [_thread_blocked, id=14028, stack(0x0000000b61300000,0x0000000b61400000)]
  0x000001a5ffc4bba0 JavaThread "C1 CompilerThread0" daemon [_thread_blocked, id=15900, stack(0x0000000b61400000,0x0000000b61500000)]
  0x000001a5ffcab410 JavaThread "Sweeper thread" daemon [_thread_blocked, id=15648, stack(0x0000000b61500000,0x0000000b61600000)]
  0x000001a59d080c80 JavaThread "Notification Thread" daemon [_thread_blocked, id=9440, stack(0x0000000b61600000,0x0000000b61700000)]
  0x000001a59d090050 JavaThread "Common-Cleaner" daemon [_thread_blocked, id=20948, stack(0x0000000b61800000,0x0000000b61900000)]

Other Threads:
  0x000001a5ffc2b550 VMThread "VM Thread" [stack: 0x0000000b60c00000,0x0000000b60d00000] [id=13704]
  0x000001a59d083160 WatcherThread [stack: 0x0000000b61700000,0x0000000b61800000] [id=1912]
  0x000001a5feb29d70 GCTaskThread "GC Thread#0" [stack: 0x0000000b60700000,0x0000000b60800000] [id=19120]
  0x000001a5feb3bd40 ConcurrentGCThread "G1 Main Marker" [stack: 0x0000000b60800000,0x0000000b60900000] [id=12376]
  0x000001a5feb3c750 ConcurrentGCThread "G1 Conc#0" [stack: 0x0000000b60900000,0x0000000b60a00000] [id=3836]
  0x000001a5febb1f00 ConcurrentGCThread "G1 Refine#0" [stack: 0x0000000b60a00000,0x0000000b60b00000] [id=6280]
  0x000001a5febb2920 ConcurrentGCThread "G1 Service" [stack: 0x0000000b60b00000,0x0000000b60c00000] [id=16360]

Threads with active compile tasks:

VM state: not at safepoint (normal execution)

VM Mutex/Monitor currently owned by a thread:  ([mutex/lock_event])
[0x000001a5feae54d0] Metaspace_lock - owner thread: 0x000001a5feaec590

Heap address: 0x0000000081c00000, size: 2020 MB, Compressed Oops mode: 32-bit

CDS archive(s) mapped at: [0x0000000800000000-0x0000000800bc0000-0x0000000800bc0000), size 12320768, SharedBaseAddress: 0x0000000800000000, ArchiveRelocationMode: 0.
Compressed class space mapped at: 0x0000000800c00000-0x0000000840c00000, reserved size: 1073741824
Narrow klass base: 0x0000000800000000, Narrow klass shift: 0, Narrow klass range: 0x100000000

GC Precious Log:
 CPUs: 4 total, 4 available
 Memory: 8077M
 Large Page Support: Disabled
 NUMA Support: Disabled
 Compressed Oops: Enabled (32-bit)
 Heap Region Size: 1M
 Heap Min Capacity: 8M
 Heap Initial Capacity: 128M
 Heap Max Capacity: 2020M
 Pre-touch: Disabled
 Parallel Workers: 4
 Concurrent Workers: 1
 Concurrent Refinement Workers: 4
 Periodic GC: Disabled

Heap:
 garbage-first heap   total 131072K, used 2048K [0x0000000081c00000, 0x0000000100000000)
  region size 1024K, 3 young (3072K), 0 survivors (0K)
 Metaspace       used 2319K, committed 2432K, reserved 1056768K
  class space    used 224K, committed 256K, reserved 1048576K

Heap Regions: E=young(eden), S=young(survivor), O=old, HS=humongous(starts), HC=humongous(continues), CS=collection set, F=free, OA=open archive, CA=closed archive, TAMS=top-at-mark-start (previous, next)
|   0|0x0000000081c00000, 0x0000000081c00000, 0x0000000081d00000|  0%| F|  |TAMS 0x0000000081c00000, 0x0000000081c00000| Untracked 
|   1|0x0000000081d00000, 0x0000000081d00000, 0x0000000081e00000|  0%| F|  |TAMS 0x0000000081d00000, 0x0000000081d00000| Untracked 
|   2|0x0000000081e00000, 0x0000000081e00000, 0x0000000081f00000|  0%| F|  |TAMS 0x0000000081e00000, 0x0000000081e00000| Untracked 
|   3|0x0000000081f00000, 0x0000000081f00000, 0x0000000082000000|  0%| F|  |TAMS 0x0000000081f00000, 0x0000000081f00000| Untracked 
|   4|0x0000000082000000, 0x0000000082000000, 0x0000000082100000|  0%| F|  |TAMS 0x0000000082000000, 0x0000000082000000| Untracked 
|   5|0x0000000082100000, 0x0000000082100000, 0x0000000082200000|  0%| F|  |TAMS 0x0000000082100000, 0x0000000082100000| Untracked 
|   6|0x0000000082200000, 0x0000000082200000, 0x0000000082300000|  0%| F|  |TAMS 0x0000000082200000, 0x0000000082200000| Untracked 
|   7|0x0000000082300000, 0x0000000082300000, 0x0000000082400000|  0%| F|  |TAMS 0x0000000082300000, 0x0000000082300000| Untracked 
|   8|0x0000000082400000, 0x0000000082400000, 0x0000000082500000|  0%| F|  |TAMS 0x0000000082400000, 0x0000000082400000| Untracked 
|   9|0x0000000082500000, 0x0000000082500000, 0x0000000082600000|  0%| F|  |TAMS 0x0000000082500000, 0x0000000082500000| Untracked 
|  10|0x0000000082600000, 0x0000000082600000, 0x0000000082700000|  0%| F|  |TAMS 0x0000000082600000, 0x0000000082600000| Untracked 
|  11|0x0000000082700000, 0x0000000082700000, 0x0000000082800000|  0%| F|  |TAMS 0x0000000082700000, 0x0000000082700000| Untracked 
|  12|0x0000000082800000, 0x0000000082800000, 0x0000000082900000|  0%| F|  |TAMS 0x0000000082800000, 0x0000000082800000| Untracked 
|  13|0x0000000082900000, 0x0000000082900000, 0x0000000082a00000|  0%| F|  |TAMS 0x0000000082900000, 0x0000000082900000| Untracked 
|  14|0x0000000082a00000, 0x0000000082a00000, 0x0000000082b00000|  0%| F|  |TAMS 0x0000000082a00000, 0x0000000082a00000| Untracked 
|  15|0x0000000082b00000, 0x0000000082b00000, 0x0000000082c00000|  0%| F|  |TAMS 0x0000000082b00000, 0x0000000082b00000| Untracked 
|  16|0x0000000082c00000, 0x0000000082c00000, 0x0000000082d00000|  0%| F|  |TAMS 0x0000000082c00000, 0x0000000082c00000| Untracked 
|  17|0x0000000082d00000, 0x0000000082d00000, 0x0000000082e00000|  0%| F|  |TAMS 0x0000000082d00000, 0x0000000082d00000| Untracked 
|  18|0x0000000082e00000, 0x0000000082e00000, 0x0000000082f00000|  0%| F|  |TAMS 0x0000000082e00000, 0x0000000082e00000| Untracked 
|  19|0x0000000082f00000, 0x0000000082f00000, 0x0000000083000000|  0%| F|  |TAMS 0x0000000082f00000, 0x0000000082f00000| Untracked 
|  20|0x0000000083000000, 0x0000000083000000, 0x0000000083100000|  0%| F|  |TAMS 0x0000000083000000, 0x0000000083000000| Untracked 
|  21|0x0000000083100000, 0x0000000083100000, 0x0000000083200000|  0%| F|  |TAMS 0x0000000083100000, 0x0000000083100000| Untracked 
|  22|0x0000000083200000, 0x0000000083200000, 0x0000000083300000|  0%| F|  |TAMS 0x0000000083200000, 0x0000000083200000| Untracked 
|  23|0x0000000083300000, 0x0000000083300000, 0x0000000083400000|  0%| F|  |TAMS 0x0000000083300000, 0x0000000083300000| Untracked 
|  24|0x0000000083400000, 0x0000000083400000, 0x0000000083500000|  0%| F|  |TAMS 0x0000000083400000, 0x0000000083400000| Untracked 
|  25|0x0000000083500000, 0x0000000083500000, 0x0000000083600000|  0%| F|  |TAMS 0x0000000083500000, 0x0000000083500000| Untracked 
|  26|0x0000000083600000, 0x0000000083600000, 0x0000000083700000|  0%| F|  |TAMS 0x0000000083600000, 0x0000000083600000| Untracked 
|  27|0x0000000083700000, 0x0000000083700000, 0x0000000083800000|  0%| F|  |TAMS 0x0000000083700000, 0x0000000083700000| Untracked 
|  28|0x0000000083800000, 0x0000000083800000, 0x0000000083900000|  0%| F|  |TAMS 0x0000000083800000, 0x0000000083800000| Untracked 
|  29|0x0000000083900000, 0x0000000083900000, 0x0000000083a00000|  0%| F|  |TAMS 0x0000000083900000, 0x0000000083900000| Untracked 
|  30|0x0000000083a00000, 0x0000000083a00000, 0x0000000083b00000|  0%| F|  |TAMS 0x0000000083a00000, 0x0000000083a00000| Untracked 
|  31|0x0000000083b00000, 0x0000000083b00000, 0x0000000083c00000|  0%| F|  |TAMS 0x0000000083b00000, 0x0000000083b00000| Untracked 
|  32|0x0000000083c00000, 0x0000000083c00000, 0x0000000083d00000|  0%| F|  |TAMS 0x0000000083c00000, 0x0000000083c00000| Untracked 
|  33|0x0000000083d00000, 0x0000000083d00000, 0x0000000083e00000|  0%| F|  |TAMS 0x0000000083d00000, 0x0000000083d00000| Untracked 
|  34|0x0000000083e00000, 0x0000000083e00000, 0x0000000083f00000|  0%| F|  |TAMS 0x0000000083e00000, 0x0000000083e00000| Untracked 
|  35|0x0000000083f00000, 0x0000000083f00000, 0x0000000084000000|  0%| F|  |TAMS 0x0000000083f00000, 0x0000000083f00000| Untracked 
|  36|0x0000000084000000, 0x0000000084000000, 0x0000000084100000|  0%| F|  |TAMS 0x0000000084000000, 0x0000000084000000| Untracked 
|  37|0x0000000084100000, 0x0000000084100000, 0x0000000084200000|  0%| F|  |TAMS 0x0000000084100000, 0x0000000084100000| Untracked 
|  38|0x0000000084200000, 0x0000000084200000, 0x0000000084300000|  0%| F|  |TAMS 0x0000000084200000, 0x0000000084200000| Untracked 
|  39|0x0000000084300000, 0x0000000084300000, 0x0000000084400000|  0%| F|  |TAMS 0x0000000084300000, 0x0000000084300000| Untracked 
|  40|0x0000000084400000, 0x0000000084400000, 0x0000000084500000|  0%| F|  |TAMS 0x0000000084400000, 0x0000000084400000| Untracked 
|  41|0x0000000084500000, 0x0000000084500000, 0x0000000084600000|  0%| F|  |TAMS 0x0000000084500000, 0x0000000084500000| Untracked 
|  42|0x0000000084600000, 0x0000000084600000, 0x0000000084700000|  0%| F|  |TAMS 0x0000000084600000, 0x0000000084600000| Untracked 
|  43|0x0000000084700000, 0x0000000084700000, 0x0000000084800000|  0%| F|  |TAMS 0x0000000084700000, 0x0000000084700000| Untracked 
|  44|0x0000000084800000, 0x0000000084800000, 0x0000000084900000|  0%| F|  |TAMS 0x0000000084800000, 0x0000000084800000| Untracked 
|  45|0x0000000084900000, 0x0000000084900000, 0x0000000084a00000|  0%| F|  |TAMS 0x0000000084900000, 0x0000000084900000| Untracked 
|  46|0x0000000084a00000, 0x0000000084a00000, 0x0000000084b00000|  0%| F|  |TAMS 0x0000000084a00000, 0x0000000084a00000| Untracked 
|  47|0x0000000084b00000, 0x0000000084b00000, 0x0000000084c00000|  0%| F|  |TAMS 0x0000000084b00000, 0x0000000084b00000| Untracked 
|  48|0x0000000084c00000, 0x0000000084c00000, 0x0000000084d00000|  0%| F|  |TAMS 0x0000000084c00000, 0x0000000084c00000| Untracked 
|  49|0x0000000084d00000, 0x0000000084d00000, 0x0000000084e00000|  0%| F|  |TAMS 0x0000000084d00000, 0x0000000084d00000| Untracked 
|  50|0x0000000084e00000, 0x0000000084e00000, 0x0000000084f00000|  0%| F|  |TAMS 0x0000000084e00000, 0x0000000084e00000| Untracked 
|  51|0x0000000084f00000, 0x0000000084f00000, 0x0000000085000000|  0%| F|  |TAMS 0x0000000084f00000, 0x0000000084f00000| Untracked 
|  52|0x0000000085000000, 0x0000000085000000, 0x0000000085100000|  0%| F|  |TAMS 0x0000000085000000, 0x0000000085000000| Untracked 
|  53|0x0000000085100000, 0x0000000085100000, 0x0000000085200000|  0%| F|  |TAMS 0x0000000085100000, 0x0000000085100000| Untracked 
|  54|0x0000000085200000, 0x0000000085200000, 0x0000000085300000|  0%| F|  |TAMS 0x0000000085200000, 0x0000000085200000| Untracked 
|  55|0x0000000085300000, 0x0000000085300000, 0x0000000085400000|  0%| F|  |TAMS 0x0000000085300000, 0x0000000085300000| Untracked 
|  56|0x0000000085400000, 0x0000000085400000, 0x0000000085500000|  0%| F|  |TAMS 0x0000000085400000, 0x0000000085400000| Untracked 
|  57|0x0000000085500000, 0x0000000085500000, 0x0000000085600000|  0%| F|  |TAMS 0x0000000085500000, 0x0000000085500000| Untracked 
|  58|0x0000000085600000, 0x0000000085600000, 0x0000000085700000|  0%| F|  |TAMS 0x0000000085600000, 0x0000000085600000| Untracked 
|  59|0x0000000085700000, 0x0000000085700000, 0x0000000085800000|  0%| F|  |TAMS 0x0000000085700000, 0x0000000085700000| Untracked 
|  60|0x0000000085800000, 0x0000000085800000, 0x0000000085900000|  0%| F|  |TAMS 0x0000000085800000, 0x0000000085800000| Untracked 
|  61|0x0000000085900000, 0x0000000085900000, 0x0000000085a00000|  0%| F|  |TAMS 0x0000000085900000, 0x0000000085900000| Untracked 
|  62|0x0000000085a00000, 0x0000000085a00000, 0x0000000085b00000|  0%| F|  |TAMS 0x0000000085a00000, 0x0000000085a00000| Untracked 
|  63|0x0000000085b00000, 0x0000000085b00000, 0x0000000085c00000|  0%| F|  |TAMS 0x0000000085b00000, 0x0000000085b00000| Untracked 
|  64|0x0000000085c00000, 0x0000000085c00000, 0x0000000085d00000|  0%| F|  |TAMS 0x0000000085c00000, 0x0000000085c00000| Untracked 
|  65|0x0000000085d00000, 0x0000000085d00000, 0x0000000085e00000|  0%| F|  |TAMS 0x0000000085d00000, 0x0000000085d00000| Untracked 
|  66|0x0000000085e00000, 0x0000000085e00000, 0x0000000085f00000|  0%| F|  |TAMS 0x0000000085e00000, 0x0000000085e00000| Untracked 
|  67|0x0000000085f00000, 0x0000000085f00000, 0x0000000086000000|  0%| F|  |TAMS 0x0000000085f00000, 0x0000000085f00000| Untracked 
|  68|0x0000000086000000, 0x0000000086000000, 0x0000000086100000|  0%| F|  |TAMS 0x0000000086000000, 0x0000000086000000| Untracked 
|  69|0x0000000086100000, 0x0000000086100000, 0x0000000086200000|  0%| F|  |TAMS 0x0000000086100000, 0x0000000086100000| Untracked 
|  70|0x0000000086200000, 0x0000000086200000, 0x0000000086300000|  0%| F|  |TAMS 0x0000000086200000, 0x0000000086200000| Untracked 
|  71|0x0000000086300000, 0x0000000086300000, 0x0000000086400000|  0%| F|  |TAMS 0x0000000086300000, 0x0000000086300000| Untracked 
|  72|0x0000000086400000, 0x0000000086400000, 0x0000000086500000|  0%| F|  |TAMS 0x0000000086400000, 0x0000000086400000| Untracked 
|  73|0x0000000086500000, 0x0000000086500000, 0x0000000086600000|  0%| F|  |TAMS 0x0000000086500000, 0x0000000086500000| Untracked 
|  74|0x0000000086600000, 0x0000000086600000, 0x0000000086700000|  0%| F|  |TAMS 0x0000000086600000, 0x0000000086600000| Untracked 
|  75|0x0000000086700000, 0x0000000086700000, 0x0000000086800000|  0%| F|  |TAMS 0x0000000086700000, 0x0000000086700000| Untracked 
|  76|0x0000000086800000, 0x0000000086800000, 0x0000000086900000|  0%| F|  |TAMS 0x0000000086800000, 0x0000000086800000| Untracked 
|  77|0x0000000086900000, 0x0000000086900000, 0x0000000086a00000|  0%| F|  |TAMS 0x0000000086900000, 0x0000000086900000| Untracked 
|  78|0x0000000086a00000, 0x0000000086a00000, 0x0000000086b00000|  0%| F|  |TAMS 0x0000000086a00000, 0x0000000086a00000| Untracked 
|  79|0x0000000086b00000, 0x0000000086b00000, 0x0000000086c00000|  0%| F|  |TAMS 0x0000000086b00000, 0x0000000086b00000| Untracked 
|  80|0x0000000086c00000, 0x0000000086c00000, 0x0000000086d00000|  0%| F|  |TAMS 0x0000000086c00000, 0x0000000086c00000| Untracked 
|  81|0x0000000086d00000, 0x0000000086d00000, 0x0000000086e00000|  0%| F|  |TAMS 0x0000000086d00000, 0x0000000086d00000| Untracked 
|  82|0x0000000086e00000, 0x0000000086e00000, 0x0000000086f00000|  0%| F|  |TAMS 0x0000000086e00000, 0x0000000086e00000| Untracked 
|  83|0x0000000086f00000, 0x0000000086f00000, 0x0000000087000000|  0%| F|  |TAMS 0x0000000086f00000, 0x0000000086f00000| Untracked 
|  84|0x0000000087000000, 0x0000000087000000, 0x0000000087100000|  0%| F|  |TAMS 0x0000000087000000, 0x0000000087000000| Untracked 
|  85|0x0000000087100000, 0x0000000087100000, 0x0000000087200000|  0%| F|  |TAMS 0x0000000087100000, 0x0000000087100000| Untracked 
|  86|0x0000000087200000, 0x0000000087200000, 0x0000000087300000|  0%| F|  |TAMS 0x0000000087200000, 0x0000000087200000| Untracked 
|  87|0x0000000087300000, 0x0000000087300000, 0x0000000087400000|  0%| F|  |TAMS 0x0000000087300000, 0x0000000087300000| Untracked 
|  88|0x0000000087400000, 0x0000000087400000, 0x0000000087500000|  0%| F|  |TAMS 0x0000000087400000, 0x0000000087400000| Untracked 
|  89|0x0000000087500000, 0x0000000087500000, 0x0000000087600000|  0%| F|  |TAMS 0x0000000087500000, 0x0000000087500000| Untracked 
|  90|0x0000000087600000, 0x0000000087600000, 0x0000000087700000|  0%| F|  |TAMS 0x0000000087600000, 0x0000000087600000| Untracked 
|  91|0x0000000087700000, 0x0000000087700000, 0x0000000087800000|  0%| F|  |TAMS 0x0000000087700000, 0x0000000087700000| Untracked 
|  92|0x0000000087800000, 0x0000000087800000, 0x0000000087900000|  0%| F|  |TAMS 0x0000000087800000, 0x0000000087800000| Untracked 
|  93|0x0000000087900000, 0x0000000087900000, 0x0000000087a00000|  0%| F|  |TAMS 0x0000000087900000, 0x0000000087900000| Untracked 
|  94|0x0000000087a00000, 0x0000000087a00000, 0x0000000087b00000|  0%| F|  |TAMS 0x0000000087a00000, 0x0000000087a00000| Untracked 
|  95|0x0000000087b00000, 0x0000000087b00000, 0x0000000087c00000|  0%| F|  |TAMS 0x0000000087b00000, 0x0000000087b00000| Untracked 
|  96|0x0000000087c00000, 0x0000000087c00000, 0x0000000087d00000|  0%| F|  |TAMS 0x0000000087c00000, 0x0000000087c00000| Untracked 
|  97|0x0000000087d00000, 0x0000000087d00000, 0x0000000087e00000|  0%| F|  |TAMS 0x0000000087d00000, 0x0000000087d00000| Untracked 
|  98|0x0000000087e00000, 0x0000000087e00000, 0x0000000087f00000|  0%| F|  |TAMS 0x0000000087e00000, 0x0000000087e00000| Untracked 
|  99|0x0000000087f00000, 0x0000000087f00000, 0x0000000088000000|  0%| F|  |TAMS 0x0000000087f00000, 0x0000000087f00000| Untracked 
| 100|0x0000000088000000, 0x0000000088000000, 0x0000000088100000|  0%| F|  |TAMS 0x0000000088000000, 0x0000000088000000| Untracked 
| 101|0x0000000088100000, 0x0000000088100000, 0x0000000088200000|  0%| F|  |TAMS 0x0000000088100000, 0x0000000088100000| Untracked 
| 102|0x0000000088200000, 0x0000000088200000, 0x0000000088300000|  0%| F|  |TAMS 0x0000000088200000, 0x0000000088200000| Untracked 
| 103|0x0000000088300000, 0x0000000088300000, 0x0000000088400000|  0%| F|  |TAMS 0x0000000088300000, 0x0000000088300000| Untracked 
| 104|0x0000000088400000, 0x0000000088400000, 0x0000000088500000|  0%| F|  |TAMS 0x0000000088400000, 0x0000000088400000| Untracked 
| 105|0x0000000088500000, 0x0000000088500000, 0x0000000088600000|  0%| F|  |TAMS 0x0000000088500000, 0x0000000088500000| Untracked 
| 106|0x0000000088600000, 0x0000000088600000, 0x0000000088700000|  0%| F|  |TAMS 0x0000000088600000, 0x0000000088600000| Untracked 
| 107|0x0000000088700000, 0x0000000088700000, 0x0000000088800000|  0%| F|  |TAMS 0x0000000088700000, 0x0000000088700000| Untracked 
| 108|0x0000000088800000, 0x0000000088800000, 0x0000000088900000|  0%| F|  |TAMS 0x0000000088800000, 0x0000000088800000| Untracked 
| 109|0x0000000088900000, 0x0000000088900000, 0x0000000088a00000|  0%| F|  |TAMS 0x0000000088900000, 0x0000000088900000| Untracked 
| 110|0x0000000088a00000, 0x0000000088a00000, 0x0000000088b00000|  0%| F|  |TAMS 0x0000000088a00000, 0x0000000088a00000| Untracked 
| 111|0x0000000088b00000, 0x0000000088b00000, 0x0000000088c00000|  0%| F|  |TAMS 0x0000000088b00000, 0x0000000088b00000| Untracked 
| 112|0x0000000088c00000, 0x0000000088c00000, 0x0000000088d00000|  0%| F|  |TAMS 0x0000000088c00000, 0x0000000088c00000| Untracked 
| 113|0x0000000088d00000, 0x0000000088d00000, 0x0000000088e00000|  0%| F|  |TAMS 0x0000000088d00000, 0x0000000088d00000| Untracked 
| 114|0x0000000088e00000, 0x0000000088e00000, 0x0000000088f00000|  0%| F|  |TAMS 0x0000000088e00000, 0x0000000088e00000| Untracked 
| 115|0x0000000088f00000, 0x0000000088f00000, 0x0000000089000000|  0%| F|  |TAMS 0x0000000088f00000, 0x0000000088f00000| Untracked 
| 116|0x0000000089000000, 0x0000000089000000, 0x0000000089100000|  0%| F|  |TAMS 0x0000000089000000, 0x0000000089000000| Untracked 
| 117|0x0000000089100000, 0x0000000089100000, 0x0000000089200000|  0%| F|  |TAMS 0x0000000089100000, 0x0000000089100000| Untracked 
| 118|0x0000000089200000, 0x0000000089200000, 0x0000000089300000|  0%| F|  |TAMS 0x0000000089200000, 0x0000000089200000| Untracked 
| 119|0x0000000089300000, 0x0000000089300000, 0x0000000089400000|  0%| F|  |TAMS 0x0000000089300000, 0x0000000089300000| Untracked 
| 120|0x0000000089400000, 0x0000000089400000, 0x0000000089500000|  0%| F|  |TAMS 0x0000000089400000, 0x0000000089400000| Untracked 
| 121|0x0000000089500000, 0x0000000089500000, 0x0000000089600000|  0%| F|  |TAMS 0x0000000089500000, 0x0000000089500000| Untracked 
| 122|0x0000000089600000, 0x0000000089600000, 0x0000000089700000|  0%| F|  |TAMS 0x0000000089600000, 0x0000000089600000| Untracked 
| 123|0x0000000089700000, 0x0000000089700000, 0x0000000089800000|  0%| F|  |TAMS 0x0000000089700000, 0x0000000089700000| Untracked 
| 124|0x0000000089800000, 0x0000000089800000, 0x0000000089900000|  0%| F|  |TAMS 0x0000000089800000, 0x0000000089800000| Untracked 
| 125|0x0000000089900000, 0x0000000089943110, 0x0000000089a00000| 26%| E|  |TAMS 0x0000000089900000, 0x0000000089900000| Complete 
| 126|0x0000000089a00000, 0x0000000089b00000, 0x0000000089b00000|100%| E|CS|TAMS 0x0000000089a00000, 0x0000000089a00000| Complete 
| 127|0x0000000089b00000, 0x0000000089c00000, 0x0000000089c00000|100%| E|CS|TAMS 0x0000000089b00000, 0x0000000089b00000| Complete 

Card table byte_map: [0x000001a5fefd0000,0x000001a5ff3d0000] _byte_map_base: 0x000001a5febc2000

Marking Bits (Prev, Next): (CMBitMap*) 0x000001a5feb2b790, (CMBitMap*) 0x000001a5feb2b7d0
 Prev Bits: [0x000001a596730000, 0x000001a5986c0000)
 Next Bits: [0x000001a5986c0000, 0x000001a59a650000)

Polling page: 0x000001a5fc9c0000

Metaspace:

Usage:
  Non-class:      2.05 MB used.
      Class:    224.68 KB used.
       Both:      2.27 MB used.

Virtual space:
  Non-class space:        8.00 MB reserved,       2.12 MB ( 27%) committed,  1 nodes.
      Class space:        1.00 GB reserved,     256.00 KB ( <1%) committed,  1 nodes.
             Both:        1.01 GB reserved,       2.38 MB ( <1%) committed. 

Chunk freelists:
   Non-Class:  3.94 MB
       Class:  3.70 MB
        Both:  7.63 MB

MaxMetaspaceSize: unlimited
CompressedClassSpaceSize: 1.00 GB
Initial GC threshold: 21.00 MB
Current GC threshold: 21.00 MB
CDS: on
MetaspaceReclaimPolicy: balanced
 - commit_granule_bytes: 65536.
 - commit_granule_words: 8192.
 - virtual_space_node_default_size: 1048576.
 - enlarge_chunks_in_place: 1.
 - new_chunks_are_fully_committed: 0.
 - uncommit_free_chunks: 1.
 - use_allocation_guard: 0.
 - handle_deallocations: 1.


Internal statistics:

num_allocs_failed_limit: 0.
num_arena_births: 56.
num_arena_deaths: 0.
num_vsnodes_births: 2.
num_vsnodes_deaths: 0.
num_space_committed: 38.
num_space_uncommitted: 0.
num_chunks_returned_to_freelist: 0.
num_chunks_taken_from_freelist: 68.
num_chunk_merges: 0.
num_chunk_splits: 44.
num_chunks_enlarged: 21.
num_purges: 0.
num_inconsistent_stats: 0.

CodeHeap 'non-profiled nmethods': size=120000Kb used=89Kb max_used=89Kb free=119910Kb
 bounds [0x000001a58f200000, 0x000001a58f470000, 0x000001a596730000]
CodeHeap 'profiled nmethods': size=120000Kb used=339Kb max_used=339Kb free=119660Kb
 bounds [0x000001a587cd0000, 0x000001a587f40000, 0x000001a58f200000]
CodeHeap 'non-nmethods': size=5760Kb used=1145Kb max_used=1145Kb free=4614Kb
 bounds [0x000001a587730000, 0x000001a5879a0000, 0x000001a587cd0000]
 total_blobs=697 nmethods=262 adapters=348
 compilation: enabled
              stopped_count=0, restarted_count=0
 full_count=0

Compilation events (20 events):
Event: 0.199 Thread 0x000001a5ffc4bba0  235       3       java.lang.ref.Reference::<init> (25 bytes)
Event: 0.199 Thread 0x000001a5ffc4bba0 nmethod 235 0x000001a587d20f10 code [0x000001a587d210c0, 0x000001a587d21338]
Event: 0.199 Thread 0x000001a5ffc4bba0  240       3       java.lang.invoke.LambdaForm$BasicType::basicTypeSlots (8 bytes)
Event: 0.199 Thread 0x000001a5ffc4bba0 nmethod 240 0x000001a587d21410 code [0x000001a587d215a0, 0x000001a587d21718]
Event: 0.199 Thread 0x000001a5ffc4bba0  247       3       java.lang.invoke.InvokerBytecodeGenerator::emitImplicitConversion (161 bytes)
Event: 0.200 Thread 0x000001a5ffc4bba0 nmethod 247 0x000001a587d21810 code [0x000001a587d21b20, 0x000001a587d229b8]
Event: 0.200 Thread 0x000001a5ffc4bba0  258       3       jdk.internal.org.objectweb.asm.SymbolTable::addConstantUtf8Reference (101 bytes)
Event: 0.200 Thread 0x000001a5ffc4a8f0  259       4       jdk.internal.org.objectweb.asm.ByteVector::putUTF8 (144 bytes)
Event: 0.201 Thread 0x000001a5ffc4bba0 nmethod 258 0x000001a587d22e90 code [0x000001a587d230a0, 0x000001a587d23698]
Event: 0.201 Thread 0x000001a5ffc4bba0  257       3       jdk.internal.org.objectweb.asm.SymbolTable::addConstantClass (8 bytes)
Event: 0.201 Thread 0x000001a5ffc4bba0 nmethod 257 0x000001a587d23990 code [0x000001a587d23b20, 0x000001a587d23c68]
Event: 0.201 Thread 0x000001a5ffc4bba0  256       3       java.lang.invoke.LambdaForm$NamedFunction::returnType (11 bytes)
Event: 0.202 Thread 0x000001a5ffc4bba0 nmethod 256 0x000001a587d23d10 code [0x000001a587d23f00, 0x000001a587d24368]
Event: 0.202 Thread 0x000001a5ffc4bba0  260       3       jdk.internal.org.objectweb.asm.ByteVector::put122 (93 bytes)
Event: 0.202 Thread 0x000001a5ffc4bba0 nmethod 260 0x000001a587d24590 code [0x000001a587d24740, 0x000001a587d249c8]
Event: 0.202 Thread 0x000001a5ffc4bba0  252       3       java.lang.invoke.LambdaForm::parameter (38 bytes)
Event: 0.202 Thread 0x000001a5ffc4bba0 nmethod 252 0x000001a587d24b90 code [0x000001a587d24d20, 0x000001a587d24e58]
Event: 0.202 Thread 0x000001a5ffc4bba0  253       1       java.lang.invoke.MethodHandles$Lookup::lookupClass (5 bytes)
Event: 0.202 Thread 0x000001a5ffc4bba0 nmethod 253 0x000001a58f215910 code [0x000001a58f215aa0, 0x000001a58f215b78]
Event: 0.206 Thread 0x000001a5ffc4a8f0 nmethod 259 0x000001a58f215c10 code [0x000001a58f215dc0, 0x000001a58f216158]

GC Heap History (0 events):
No events

Deoptimization events (0 events):
No events

Classes unloaded (0 events):
No events

Classes redefined (0 events):
No events

Internal exceptions (3 events):
Event: 0.130 Thread 0x000001a5feaec590 Exception <a 'java/lang/ClassNotFoundException'{0x0000000089a38b78}: sun/awt/resources/spi/awtProvider> (0x0000000089a38b78) 
thrown [t:\workspace\open\src\hotspot\share\classfile\systemDictionary.cpp, line 256]
Event: 0.165 Thread 0x000001a5feaec590 Exception <a 'java/io/FileNotFoundException'{0x0000000089a91ab8}> (0x0000000089a91ab8) 
thrown [t:\workspace\open\src\hotspot\share\prims\jni.cpp, line 516]
Event: 0.177 Thread 0x000001a5feaec590 Exception <a 'java/io/FileNotFoundException'{0x0000000089abea80}> (0x0000000089abea80) 
thrown [t:\workspace\open\src\hotspot\share\prims\jni.cpp, line 516]

VM Operations (0 events):
No events

Events (20 events):
Event: 0.215 loading class sun/util/logging/PlatformLogger$ConfigurableBridge$LoggerConfiguration
Event: 0.215 loading class sun/util/logging/PlatformLogger$ConfigurableBridge$LoggerConfiguration done
Event: 0.215 loading class jdk/internal/logger/SimpleConsoleLogger done
Event: 0.215 loading class jdk/internal/logger/SurrogateLogger done
Event: 0.215 loading class sun/java2d/windows/WindowsFlags
Event: 0.215 loading class sun/java2d/windows/WindowsFlags done
Event: 0.215 loading class sun/java2d/windows/WindowsFlags$1
Event: 0.215 loading class sun/java2d/windows/WindowsFlags$1 done
Event: 0.217 loading class sun/java2d/WindowsSurfaceManagerFactory
Event: 0.217 loading class sun/java2d/SurfaceManagerFactory
Event: 0.217 loading class sun/java2d/SurfaceManagerFactory done
Event: 0.217 loading class sun/java2d/WindowsSurfaceManagerFactory done
Event: 0.217 loading class sun/awt/SunDisplayChanger
Event: 0.218 loading class sun/awt/SunDisplayChanger done
Event: 0.218 loading class java/awt/GraphicsDevice
Event: 0.218 loading class java/awt/GraphicsDevice done
Event: 0.218 loading class sun/java2d/d3d/D3DGraphicsDevice
Event: 0.218 loading class sun/awt/Win32GraphicsDevice
Event: 0.218 loading class sun/awt/Win32GraphicsDevice done
Event: 0.218 loading class sun/java2d/d3d/D3DGraphicsDevice done


Dynamic libraries:
0x00007ff7540e0000 - 0x00007ff7540f0000 	C:\Program Files\Java\jdk-17.0.1\bin\java.exe
0x00007ff803070000 - 0x00007ff803268000 	C:\WINDOWS\SYSTEM32\ntdll.dll
0x00007ff8013f0000 - 0x00007ff8014af000 	C:\WINDOWS\System32\KERNEL32.DLL
0x00007ff800cc0000 - 0x00007ff800f92000 	C:\WINDOWS\System32\KERNELBASE.dll
0x00007ff800900000 - 0x00007ff800a00000 	C:\WINDOWS\System32\ucrtbase.dll
0x00007ffffbf80000 - 0x00007ffffbf98000 	C:\Program Files\Java\jdk-17.0.1\bin\jli.dll
0x00007ff802f50000 - 0x00007ff802ffe000 	C:\WINDOWS\System32\ADVAPI32.dll
0x00007ff802cd0000 - 0x00007ff802d6e000 	C:\WINDOWS\System32\msvcrt.dll
0x00007ff8016c0000 - 0x00007ff80175c000 	C:\WINDOWS\System32\sechost.dll
0x00007ff8012c0000 - 0x00007ff8013e5000 	C:\WINDOWS\System32\RPCRT4.dll
0x00007ffffc6b0000 - 0x00007ffffc6ca000 	C:\Program Files\Java\jdk-17.0.1\bin\VCRUNTIME140.dll
0x00007fffffac0000 - 0x00007fffffd5a000 	C:\WINDOWS\WinSxS\amd64_microsoft.windows.common-controls_6595b64144ccf1df_6.0.19041.1110_none_60b5254171f9507e\COMCTL32.dll
0x00007ff801290000 - 0x00007ff8012bb000 	C:\WINDOWS\System32\GDI32.dll
0x00007ff801050000 - 0x00007ff801072000 	C:\WINDOWS\System32\win32u.dll
0x00007ff800b80000 - 0x00007ff800c8f000 	C:\WINDOWS\System32\gdi32full.dll
0x00007ff800ae0000 - 0x00007ff800b7d000 	C:\WINDOWS\System32\msvcp_win.dll
0x00007ff801080000 - 0x00007ff801221000 	C:\WINDOWS\System32\USER32.dll
0x00007ffffcad0000 - 0x00007ffffcada000 	C:\WINDOWS\SYSTEM32\VERSION.dll
0x00007ff802e30000 - 0x00007ff802e62000 	C:\WINDOWS\System32\IMM32.DLL
0x00007ff800140000 - 0x00007ff80014c000 	C:\Program Files\Java\jdk-17.0.1\bin\vcruntime140_1.dll
0x00007fffd6a40000 - 0x00007fffd6acd000 	C:\Program Files\Java\jdk-17.0.1\bin\msvcp140.dll
0x00007fffb3bc0000 - 0x00007fffb477e000 	C:\Program Files\Java\jdk-17.0.1\bin\server\jvm.dll
0x00007ff802e20000 - 0x00007ff802e28000 	C:\WINDOWS\System32\PSAPI.DLL
0x00007fffecce0000 - 0x00007fffecce9000 	C:\WINDOWS\SYSTEM32\WSOCK32.dll
0x00007ff801a40000 - 0x00007ff801aab000 	C:\WINDOWS\System32\WS2_32.dll
0x00007fffecda0000 - 0x00007fffecdc7000 	C:\WINDOWS\SYSTEM32\WINMM.dll
0x00007ffffe900000 - 0x00007ffffe912000 	C:\WINDOWS\SYSTEM32\kernel.appcore.dll
0x00007ffffc6a0000 - 0x00007ffffc6aa000 	C:\Program Files\Java\jdk-17.0.1\bin\jimage.dll
0x00007ff800160000 - 0x00007ff800344000 	C:\WINDOWS\SYSTEM32\DBGHELP.DLL
0x00007ff8000a0000 - 0x00007ff8000d5000 	C:\WINDOWS\SYSTEM32\dbgcore.DLL
0x00007ff800a50000 - 0x00007ff800ad2000 	C:\WINDOWS\System32\bcryptPrimitives.dll
0x00007ffffc020000 - 0x00007ffffc045000 	C:\Program Files\Java\jdk-17.0.1\bin\java.dll
0x00007fffce900000 - 0x00007fffce9d6000 	C:\Program Files\Java\jdk-17.0.1\bin\svml.dll
0x00007ff801ff0000 - 0x00007ff802734000 	C:\WINDOWS\System32\SHELL32.dll
0x00007ffffd8c0000 - 0x00007ffffe052000 	C:\WINDOWS\SYSTEM32\windows.storage.dll
0x00007ff801b20000 - 0x00007ff801e75000 	C:\WINDOWS\System32\combase.dll
0x00007ff800000000 - 0x00007ff800030000 	C:\WINDOWS\SYSTEM32\Wldp.dll
0x00007ff801f40000 - 0x00007ff801fed000 	C:\WINDOWS\System32\SHCORE.dll
0x00007ff801230000 - 0x00007ff801285000 	C:\WINDOWS\System32\shlwapi.dll
0x00007ff800670000 - 0x00007ff80068f000 	C:\WINDOWS\SYSTEM32\profapi.dll
0x00007fffc1da0000 - 0x00007fffc1f2f000 	C:\Program Files\Java\jdk-17.0.1\bin\awt.dll
0x00007ff8014b0000 - 0x00007ff80157d000 	C:\WINDOWS\System32\OLEAUT32.dll
0x00007ffffc780000 - 0x00007ffffc811000 	C:\WINDOWS\SYSTEM32\apphelp.dll
0x00007ffffd230000 - 0x00007ffffd25f000 	C:\WINDOWS\system32\DWMAPI.DLL
0x00007ffffc8d0000 - 0x00007ffffc96e000 	C:\WINDOWS\system32\uxtheme.dll

dbghelp: loaded successfully - version: 4.0.5 - missing functions: none
symbol engine: initialized successfully - sym options: 0x614 - pdb path: .;C:\Program Files\Java\jdk-17.0.1\bin;C:\WINDOWS\SYSTEM32;C:\WINDOWS\WinSxS\amd64_microsoft.windows.common-controls_6595b64144ccf1df_6.0.19041.1110_none_60b5254171f9507e;C:\Program Files\Java\jdk-17.0.1\bin\server

VM Arguments:
jvm_args: -Dfile.encoding=UTF-8 
java_command: Main
java_class_path (initial): C:\Users\Caro\Documents\GitHub\tamagotchi\build\classes
Launcher Type: SUN_STANDARD

[Global flags]
     intx CICompilerCount                          = 3                                         {product} {ergonomic}
     uint ConcGCThreads                            = 1                                         {product} {ergonomic}
     uint G1ConcRefinementThreads                  = 4                                         {product} {ergonomic}
   size_t G1HeapRegionSize                         = 1048576                                   {product} {ergonomic}
    uintx GCDrainStackTargetSize                   = 64                                        {product} {ergonomic}
   size_t InitialHeapSize                          = 134217728                                 {product} {ergonomic}
   size_t MarkStackSize                            = 4194304                                   {product} {ergonomic}
   size_t MaxHeapSize                              = 2118123520                                {product} {ergonomic}
   size_t MaxNewSize                               = 1270874112                                {product} {ergonomic}
   size_t MinHeapDeltaBytes                        = 1048576                                   {product} {ergonomic}
   size_t MinHeapSize                              = 8388608                                   {product} {ergonomic}
    uintx NonNMethodCodeHeapSize                   = 5832780                                {pd product} {ergonomic}
    uintx NonProfiledCodeHeapSize                  = 122912730                              {pd product} {ergonomic}
    uintx ProfiledCodeHeapSize                     = 122912730                              {pd product} {ergonomic}
    uintx ReservedCodeCacheSize                    = 251658240                              {pd product} {ergonomic}
     bool SegmentedCodeCache                       = true                                      {product} {ergonomic}
   size_t SoftMaxHeapSize                          = 2118123520                             {manageable} {ergonomic}
     bool UseCompressedClassPointers               = true                           {product lp64_product} {ergonomic}
     bool UseCompressedOops                        = true                           {product lp64_product} {ergonomic}
     bool UseG1GC                                  = true                                      {product} {ergonomic}
     bool UseLargePagesIndividualAllocation        = false                                  {pd product} {ergonomic}

Logging:
Log output configuration:
 #0: stdout all=warning uptime,level,tags
 #1: stderr all=off uptime,level,tags

Environment Variables:
PATH=C:\Program Files\Common Files\Oracle\Java\javapath;C:\Program Files (x86)\Intel\iCLS Client\;C:\Program Files\Intel\iCLS Client\;C:\WINDOWS\system32;C:\WINDOWS;C:\WINDOWS\System32\Wbem;C:\WINDOWS\System32\WindowsPowerShell\v1.0\;C:\Program Files (x86)\Intel\Intel(R) Management Engine Components\DAL;C:\Program Files\Intel\Intel(R) Management Engine Components\DAL;C:\Program Files (x86)\Intel\Intel(R) Management Engine Components\IPT;C:\Program Files\Intel\Intel(R) Management Engine Components\IPT;C:\WINDOWS\System32\OpenSSH\;C:\Program Files\Intel\WiFi\bin\;C:\Program Files\Common Files\Intel\WirelessCommon\;C:\Program Files\Microsoft SQL Server\Client SDK\ODBC\170\Tools\Binn\;C:\Program Files (x86)\Microsoft SQL Server\150\Tools\Binn\;C:\Program Files\Microsoft SQL Server\150\Tools\Binn\;C:\Program Files\Microsoft SQL Server\150\DTS\Binn\;C:\Program Files\nodejs\;C:\Program Files\Git\cmd;C:\Users\Caro\AppData\Local\Microsoft\WindowsApps;C:\Users\Caro\AppData\Local\Programs\Microsoft VS Code\bin;C:\Users\Caro\AppData\Local\GitHubDesktop\bin;C:\Users\Caro\AppData\Roaming\npm
USERNAME=Caro
OS=Windows_NT
PROCESSOR_IDENTIFIER=Intel64 Family 6 Model 142 Stepping 9, GenuineIntel



---------------  S Y S T E M  ---------------

OS:
 Windows 10 , 64 bit Build 19041 (10.0.19041.2364)
OS uptime: 1 days 9:49 hours

CPU: total 4 (initial active 4) (2 cores per cpu, 2 threads per core) family 6 model 142 stepping 9 microcode 0xb4, cx8, cmov, fxsr, ht, mmx, 3dnowpref, sse, sse2, sse3, ssse3, sse4.1, sse4.2, popcnt, lzcnt, tsc, tscinvbit, avx, avx2, aes, erms, clmul, bmi1, bmi2, adx, fma, vzeroupper, clflush, clflushopt

Memory: 4k page, system-wide physical 8077M (1235M free)
TotalPageFile size 18913M (AvailPageFile size 3M)
current process WorkingSet (physical memory assigned to process): 37M, peak: 37M
current process commit charge ("private bytes"): 205M, peak: 205M

vm_info: Java HotSpot(TM) 64-Bit Server VM (17.0.1+12-LTS-39) for windows-amd64 JRE (17.0.1+12-LTS-39), built on Sep 27 2021 18:41:35 by "mach5one" with MS VC++ 16.8 (VS2019)

END.
