#
# There is insufficient memory for the Java Runtime Environment to continue.
# Native memory allocation (mmap) failed to map 65536 bytes for Failed to commit metaspace.
# Possible reasons:
#   The system is out of physical RAM or swap space
#   The process is running with CompressedOops enabled, and the Java Heap may be blocking the growth of the native heap
# Possible solutions:
#   Reduce memory load on the system
#   Increase physical memory or swap space
#   Check if swap backing store is full
#   Decrease Java heap size (-Xmx/-Xms)
#   Decrease number of Java threads
#   Decrease Java thread stack sizes (-Xss)
#   Set larger code cache with -XX:ReservedCodeCacheSize=
#   JVM is running with Unscaled Compressed Oops mode in which the Java heap is
#     placed in the first 4GB address space. The Java Heap base address is the
#     maximum limit for the native heap growth. Please use -XX:HeapBaseMinAddress
#     to set the Java Heap base and to place the Java Heap above 4GB virtual address.
# This output file may be truncated or incomplete.
#
#  Out of Memory Error (virtualSpaceNode.cpp:110), pid=236, tid=12284
#
# JRE version:  (17.0.1+12) (build )
# Java VM: Java HotSpot(TM) 64-Bit Server VM (17.0.1+12-LTS-39, mixed mode, tiered, compressed oops, compressed class ptrs, g1 gc, windows-amd64)
# No core dump will be written. Minidumps are not enabled by default on client versions of Windows
#

---------------  S U M M A R Y ------------

Command Line: -Dapplication.home=C:\Program Files\Java\jdk-17.0.1 --add-modules=ALL-DEFAULT -Xms8m -Djdk.module.main=jdk.compiler jdk.compiler/com.sun.tools.javac.Main -d C:\Users\Caro\Documents\GitHub\tamagotchi\build\classes -classpath C:\Users\Caro\Documents\GitHub\tamagotchi\build\classes -sourcepath C:\Users\Caro\Documents\GitHub\tamagotchi\build\empty -target 17 -encoding UTF-8 -g -processorpath C:\Users\Caro\Documents\GitHub\tamagotchi\build\empty -s C:\Users\Caro\Documents\GitHub\tamagotchi\build\generated-sources\ap-source-output -source 17 C:\Users\Caro\Documents\GitHub\tamagotchi\src\GamePanel\Room\Kitchen.java C:\Users\Caro\Documents\GitHub\tamagotchi\src\GamePanel\Room\Outdoor.java

Host: Intel(R) Core(TM) i5-7200U CPU @ 2.50GHz, 4 cores, 7G,  Windows 10 , 64 bit Build 19041 (10.0.19041.2364)
Time: Fri Jan 27 22:17:53 2023 Mitteleuropäische Zeit elapsed time: 0.027481 seconds (0d 0h 0m 0s)

---------------  T H R E A D  ---------------

Current thread (0x00000272ff6507c0):  JavaThread "Unknown thread" [_thread_in_vm, id=12284, stack(0x0000008022a00000,0x0000008022b00000)]

Stack: [0x0000008022a00000,0x0000008022b00000]
Native frames: (J=compiled Java code, j=interpreted, Vv=VM code, C=native code)
V  [jvm.dll+0x66fa1a]
V  [jvm.dll+0x7ce5a4]
V  [jvm.dll+0x7cfd4e]
V  [jvm.dll+0x7d03b3]
V  [jvm.dll+0x242b05]
V  [jvm.dll+0x7ca54b]
V  [jvm.dll+0x615b76]
V  [jvm.dll+0x615bda]
V  [jvm.dll+0x6183ea]
V  [jvm.dll+0x616516]
V  [jvm.dll+0x2370cf]
V  [jvm.dll+0x620145]
V  [jvm.dll+0x1e7dcb]
V  [jvm.dll+0x1e8305]
V  [jvm.dll+0x1e8d3f]
V  [jvm.dll+0x1de1f1]
V  [jvm.dll+0x537690]
V  [jvm.dll+0x1ee9d7]
V  [jvm.dll+0x748afb]
V  [jvm.dll+0x749ea2]
V  [jvm.dll+0x74a1d8]
V  [jvm.dll+0x7ccd2f]
V  [jvm.dll+0x7ccaba]
V  [jvm.dll+0x79ea04]
V  [jvm.dll+0x7a010d]
V  [jvm.dll+0x3657c1]
V  [jvm.dll+0x77f6cc]
V  [jvm.dll+0x3e812f]
V  [jvm.dll+0x3e9bd1]
C  [jli.dll+0x527b]
C  [ucrtbase.dll+0x21bb2]
C  [KERNEL32.DLL+0x17614]
C  [ntdll.dll+0x526a1]


---------------  P R O C E S S  ---------------

Threads class SMR info:
_java_thread_list=0x00007fffb4657818, length=0, elements={
}

Java Threads: ( => current thread )

Other Threads:
  0x00000272ff68e5a0 GCTaskThread "GC Thread#0" [stack: 0x0000008022b00000,0x0000008022c00000] [id=2008]
  0x00000272ff6a0080 ConcurrentGCThread "G1 Main Marker" [stack: 0x0000008022c00000,0x0000008022d00000] [id=8920]
  0x00000272ff6a1140 ConcurrentGCThread "G1 Conc#0" [stack: 0x0000008022d00000,0x0000008022e00000] [id=14736]
  0x00000272ff6b91d0 ConcurrentGCThread "G1 Refine#0" [stack: 0x0000008022e00000,0x0000008022f00000] [id=18188]
  0x00000272ff6b9b00 ConcurrentGCThread "G1 Service" [stack: 0x0000008022f00000,0x0000008023000000] [id=3328]

=>0x00000272ff6507c0 (exited) JavaThread "Unknown thread" [_thread_in_vm, id=12284, stack(0x0000008022a00000,0x0000008022b00000)]

Threads with active compile tasks:

VM state: not at safepoint (not fully initialized)

VM Mutex/Monitor currently owned by a thread:  ([mutex/lock_event])
[0x00000272fea5c7d0] Metaspace_lock - owner thread: 0x00000272ff6507c0

Heap address: 0x0000000081c00000, size: 2020 MB, Compressed Oops mode: 32-bit

CDS archive(s) not mapped
Compressed class space mapped at: 0x0000000100000000-0x0000000140000000, reserved size: 1073741824
Narrow klass base: 0x0000000000000000, Narrow klass shift: 3, Narrow klass range: 0x140000000

GC Precious Log:
 CPUs: 4 total, 4 available
 Memory: 8077M
 Large Page Support: Disabled
 NUMA Support: Disabled
 Compressed Oops: Enabled (32-bit)
 Heap Region Size: 1M
 Heap Min Capacity: 8M
 Heap Initial Capacity: 8M
 Heap Max Capacity: 2020M
 Pre-touch: Disabled
 Parallel Workers: 4
 Concurrent Workers: 1
 Concurrent Refinement Workers: 4
 Periodic GC: Disabled

Heap:
 garbage-first heap   total 8192K, used 0K [0x0000000081c00000, 0x0000000100000000)
  region size 1024K, 1 young (1024K), 0 survivors (0K)
 Metaspace       used 895K, committed 896K, reserved 1056768K
  class space    used 63K, committed 64K, reserved 1048576K

Heap Regions: E=young(eden), S=young(survivor), O=old, HS=humongous(starts), HC=humongous(continues), CS=collection set, F=free, OA=open archive, CA=closed archive, TAMS=top-at-mark-start (previous, next)
|   0|0x0000000081c00000, 0x0000000081c00000, 0x0000000081d00000|  0%| F|  |TAMS 0x0000000081c00000, 0x0000000081c00000| Untracked 
|   1|0x0000000081d00000, 0x0000000081d00000, 0x0000000081e00000|  0%| F|  |TAMS 0x0000000081d00000, 0x0000000081d00000| Untracked 
|   2|0x0000000081e00000, 0x0000000081e00000, 0x0000000081f00000|  0%| F|  |TAMS 0x0000000081e00000, 0x0000000081e00000| Untracked 
|   3|0x0000000081f00000, 0x0000000081f00000, 0x0000000082000000|  0%| F|  |TAMS 0x0000000081f00000, 0x0000000081f00000| Untracked 
|   4|0x0000000082000000, 0x0000000082000000, 0x0000000082100000|  0%| F|  |TAMS 0x0000000082000000, 0x0000000082000000| Untracked 
|   5|0x0000000082100000, 0x0000000082100000, 0x0000000082200000|  0%| F|  |TAMS 0x0000000082100000, 0x0000000082100000| Untracked 
|   6|0x0000000082200000, 0x0000000082200000, 0x0000000082300000|  0%| F|  |TAMS 0x0000000082200000, 0x0000000082200000| Untracked 
|   7|0x0000000082300000, 0x000000008230f630, 0x0000000082400000|  6%| E|  |TAMS 0x0000000082300000, 0x0000000082300000| Complete 

Card table byte_map: [0x00000272ffb30000,0x00000272fff30000] _byte_map_base: 0x00000272ff722000

Marking Bits (Prev, Next): (CMBitMap*) 0x00000272ff68fad0, (CMBitMap*) 0x00000272ff68fb10
 Prev Bits: [0x0000027297f40000, 0x0000027299ed0000)
 Next Bits: [0x0000027299ed0000, 0x000002729be60000)

GC Heap History (0 events):
No events

Deoptimization events (0 events):
No events

Classes unloaded (0 events):
No events

Classes redefined (0 events):
No events

Internal exceptions (0 events):
No events

VM Operations (0 events):
No events

Events (20 events):
Event: 0.021 loading class java/lang/invoke/MethodHandleNatives$CallSiteContext done
Event: 0.021 loading class java/lang/invoke/ConstantCallSite
Event: 0.021 loading class java/lang/invoke/ConstantCallSite done
Event: 0.021 loading class java/lang/invoke/MutableCallSite
Event: 0.021 loading class java/lang/invoke/MutableCallSite done
Event: 0.021 loading class java/lang/invoke/VolatileCallSite
Event: 0.021 loading class java/lang/invoke/VolatileCallSite done
Event: 0.021 loading class java/lang/AssertionStatusDirectives
Event: 0.021 loading class java/lang/AssertionStatusDirectives done
Event: 0.021 loading class java/lang/StringBuffer
Event: 0.021 loading class java/lang/AbstractStringBuilder
Event: 0.021 loading class java/lang/Appendable
Event: 0.021 loading class java/lang/Appendable done
Event: 0.022 loading class java/lang/AbstractStringBuilder done
Event: 0.022 loading class java/lang/StringBuffer done
Event: 0.022 loading class java/lang/StringBuilder
Event: 0.022 loading class java/lang/StringBuilder done
Event: 0.022 loading class jdk/internal/misc/UnsafeConstants
Event: 0.022 loading class jdk/internal/misc/UnsafeConstants done
Event: 0.022 loading class jdk/internal/misc/Unsafe


Dynamic libraries:
0x00007ff71c550000 - 0x00007ff71c558000 	C:\Program Files\Java\jdk-17.0.1\bin\javac.exe
0x00007ff803070000 - 0x00007ff803268000 	C:\WINDOWS\SYSTEM32\ntdll.dll
0x00007ff8013f0000 - 0x00007ff8014af000 	C:\WINDOWS\System32\KERNEL32.DLL
0x00007ff800cc0000 - 0x00007ff800f92000 	C:\WINDOWS\System32\KERNELBASE.dll
0x00007ff800900000 - 0x00007ff800a00000 	C:\WINDOWS\System32\ucrtbase.dll
0x00007ffffc020000 - 0x00007ffffc03a000 	C:\Program Files\Java\jdk-17.0.1\bin\VCRUNTIME140.dll
0x00007ffffc740000 - 0x00007ffffc758000 	C:\Program Files\Java\jdk-17.0.1\bin\jli.dll
0x00007ff802f50000 - 0x00007ff802ffe000 	C:\WINDOWS\System32\ADVAPI32.dll
0x00007ff802cd0000 - 0x00007ff802d6e000 	C:\WINDOWS\System32\msvcrt.dll
0x00007ff8016c0000 - 0x00007ff80175c000 	C:\WINDOWS\System32\sechost.dll
0x00007ff8012c0000 - 0x00007ff8013e5000 	C:\WINDOWS\System32\RPCRT4.dll
0x00007ff801080000 - 0x00007ff801221000 	C:\WINDOWS\System32\USER32.dll
0x00007ff801050000 - 0x00007ff801072000 	C:\WINDOWS\System32\win32u.dll
0x00007ff801290000 - 0x00007ff8012bb000 	C:\WINDOWS\System32\GDI32.dll
0x00007fffffac0000 - 0x00007fffffd5a000 	C:\WINDOWS\WinSxS\amd64_microsoft.windows.common-controls_6595b64144ccf1df_6.0.19041.1110_none_60b5254171f9507e\COMCTL32.dll
0x00007ff800b80000 - 0x00007ff800c8f000 	C:\WINDOWS\System32\gdi32full.dll
0x00007ff800ae0000 - 0x00007ff800b7d000 	C:\WINDOWS\System32\msvcp_win.dll
0x00007ffffcad0000 - 0x00007ffffcada000 	C:\WINDOWS\SYSTEM32\VERSION.dll
0x00007ff802e30000 - 0x00007ff802e62000 	C:\WINDOWS\System32\IMM32.DLL
0x00007ff800140000 - 0x00007ff80014c000 	C:\Program Files\Java\jdk-17.0.1\bin\vcruntime140_1.dll
0x00007fffd6a40000 - 0x00007fffd6acd000 	C:\Program Files\Java\jdk-17.0.1\bin\msvcp140.dll
0x00007fffb3bc0000 - 0x00007fffb477e000 	C:\Program Files\Java\jdk-17.0.1\bin\server\jvm.dll
0x00007ff802e20000 - 0x00007ff802e28000 	C:\WINDOWS\System32\PSAPI.DLL
0x00007fffecce0000 - 0x00007fffecce9000 	C:\WINDOWS\SYSTEM32\WSOCK32.dll
0x00007fffecda0000 - 0x00007fffecdc7000 	C:\WINDOWS\SYSTEM32\WINMM.dll
0x00007ff801a40000 - 0x00007ff801aab000 	C:\WINDOWS\System32\WS2_32.dll
0x00007ffffe900000 - 0x00007ffffe912000 	C:\WINDOWS\SYSTEM32\kernel.appcore.dll
0x00007ffffc650000 - 0x00007ffffc65a000 	C:\Program Files\Java\jdk-17.0.1\bin\jimage.dll
0x00007ff800160000 - 0x00007ff800344000 	C:\WINDOWS\SYSTEM32\DBGHELP.DLL
0x00007ff8000a0000 - 0x00007ff8000d5000 	C:\WINDOWS\SYSTEM32\dbgcore.DLL
0x00007ff800a50000 - 0x00007ff800ad2000 	C:\WINDOWS\System32\bcryptPrimitives.dll
0x00007ffffbf70000 - 0x00007ffffbf95000 	C:\Program Files\Java\jdk-17.0.1\bin\java.dll

dbghelp: loaded successfully - version: 4.0.5 - missing functions: none
symbol engine: initialized successfully - sym options: 0x614 - pdb path: .;C:\Program Files\Java\jdk-17.0.1\bin;C:\WINDOWS\SYSTEM32;C:\WINDOWS\WinSxS\amd64_microsoft.windows.common-controls_6595b64144ccf1df_6.0.19041.1110_none_60b5254171f9507e;C:\Program Files\Java\jdk-17.0.1\bin\server

VM Arguments:
jvm_args: -Dapplication.home=C:\Program Files\Java\jdk-17.0.1 --add-modules=ALL-DEFAULT -Xms8m -Djdk.module.main=jdk.compiler 
java_command: jdk.compiler/com.sun.tools.javac.Main -d C:\Users\Caro\Documents\GitHub\tamagotchi\build\classes -classpath C:\Users\Caro\Documents\GitHub\tamagotchi\build\classes -sourcepath C:\Users\Caro\Documents\GitHub\tamagotchi\build\empty -target 17 -encoding UTF-8 -g -processorpath C:\Users\Caro\Documents\GitHub\tamagotchi\build\empty -s C:\Users\Caro\Documents\GitHub\tamagotchi\build\generated-sources\ap-source-output -source 17 C:\Users\Caro\Documents\GitHub\tamagotchi\src\GamePanel\Room\Kitchen.java C:\Users\Caro\Documents\GitHub\tamagotchi\src\GamePanel\Room\Outdoor.java
java_class_path (initial): <not set>
Launcher Type: SUN_STANDARD

[Global flags]
     intx CICompilerCount                          = 3                                         {product} {ergonomic}
     uint ConcGCThreads                            = 1                                         {product} {ergonomic}
     uint G1ConcRefinementThreads                  = 4                                         {product} {ergonomic}
   size_t G1HeapRegionSize                         = 1048576                                   {product} {ergonomic}
    uintx GCDrainStackTargetSize                   = 64                                        {product} {ergonomic}
   size_t InitialHeapSize                          = 8388608                                   {product} {command line}
   size_t MarkStackSize                            = 4194304                                   {product} {ergonomic}
   size_t MaxHeapSize                              = 2118123520                                {product} {ergonomic}
   size_t MaxNewSize                               = 1270874112                                {product} {ergonomic}
   size_t MinHeapDeltaBytes                        = 1048576                                   {product} {ergonomic}
   size_t MinHeapSize                              = 8388608                                   {product} {command line}
    uintx NonNMethodCodeHeapSize                   = 5832780                                {pd product} {ergonomic}
    uintx NonProfiledCodeHeapSize                  = 122912730                              {pd product} {ergonomic}
    uintx ProfiledCodeHeapSize                     = 122912730                              {pd product} {ergonomic}
    uintx ReservedCodeCacheSize                    = 251658240                              {pd product} {ergonomic}
     bool SegmentedCodeCache                       = true                                      {product} {ergonomic}
   size_t SoftMaxHeapSize                          = 2118123520                             {manageable} {ergonomic}
     bool UseCompressedClassPointers               = true                           {product lp64_product} {ergonomic}
     bool UseCompressedOops                        = true                           {product lp64_product} {ergonomic}
     bool UseG1GC                                  = true                                      {product} {ergonomic}
     bool UseLargePagesIndividualAllocation        = false                                  {pd product} {ergonomic}

Logging:
Log output configuration:
 #0: stdout all=warning uptime,level,tags
 #1: stderr all=off uptime,level,tags

Environment Variables:
PATH=C:\Program Files\Common Files\Oracle\Java\javapath;C:\Program Files (x86)\Intel\iCLS Client\;C:\Program Files\Intel\iCLS Client\;C:\WINDOWS\system32;C:\WINDOWS;C:\WINDOWS\System32\Wbem;C:\WINDOWS\System32\WindowsPowerShell\v1.0\;C:\Program Files (x86)\Intel\Intel(R) Management Engine Components\DAL;C:\Program Files\Intel\Intel(R) Management Engine Components\DAL;C:\Program Files (x86)\Intel\Intel(R) Management Engine Components\IPT;C:\Program Files\Intel\Intel(R) Management Engine Components\IPT;C:\WINDOWS\System32\OpenSSH\;C:\Program Files\Intel\WiFi\bin\;C:\Program Files\Common Files\Intel\WirelessCommon\;C:\Program Files\Microsoft SQL Server\Client SDK\ODBC\170\Tools\Binn\;C:\Program Files (x86)\Microsoft SQL Server\150\Tools\Binn\;C:\Program Files\Microsoft SQL Server\150\Tools\Binn\;C:\Program Files\Microsoft SQL Server\150\DTS\Binn\;C:\Program Files\nodejs\;C:\Program Files\Git\cmd;C:\Users\Caro\AppData\Local\Microsoft\WindowsApps;C:\Users\Caro\AppData\Local\Programs\Microsoft VS Code\bin;C:\Users\Caro\AppData\Local\GitHubDesktop\bin;C:\Users\Caro\AppData\Roaming\npm
USERNAME=Caro
OS=Windows_NT
PROCESSOR_IDENTIFIER=Intel64 Family 6 Model 142 Stepping 9, GenuineIntel



---------------  S Y S T E M  ---------------

OS:
 Windows 10 , 64 bit Build 19041 (10.0.19041.2364)
OS uptime: 1 days 9:56 hours

CPU: total 4 (initial active 4) (2 cores per cpu, 2 threads per core) family 6 model 142 stepping 9 microcode 0xb4, cx8, cmov, fxsr, ht, mmx, 3dnowpref, sse, sse2, sse3, ssse3, sse4.1, sse4.2, popcnt, lzcnt, tsc, tscinvbit, avx, avx2, aes, erms, clmul, bmi1, bmi2, adx, fma, vzeroupper, clflush, clflushopt

Memory: 4k page, system-wide physical 8077M (1879M free)
TotalPageFile size 18913M (AvailPageFile size 8M)
current process WorkingSet (physical memory assigned to process): 14M, peak: 14M
current process commit charge ("private bytes"): 62M, peak: 64M

vm_info: Java HotSpot(TM) 64-Bit Server VM (17.0.1+12-LTS-39) for windows-amd64 JRE (17.0.1+12-LTS-39), built on Sep 27 2021 18:41:35 by "mach5one" with MS VC++ 16.8 (VS2019)

END.
