#
# There is insufficient memory for the Java Runtime Environment to continue.
# Native memory allocation (mmap) failed to map 134217728 bytes for G1 virtual space
# Possible reasons:
#   The system is out of physical RAM or swap space
#   The process is running with CompressedOops enabled, and the Java Heap may be blocking the growth of the native heap
# Possible solutions:
#   Reduce memory load on the system
#   Increase physical memory or swap space
#   Check if swap backing store is full
#   Decrease Java heap size (-Xmx/-Xms)
#   Decrease number of Java threads
#   Decrease Java thread stack sizes (-Xss)
#   Set larger code cache with -XX:ReservedCodeCacheSize=
#   JVM is running with Unscaled Compressed Oops mode in which the Java heap is
#     placed in the first 4GB address space. The Java Heap base address is the
#     maximum limit for the native heap growth. Please use -XX:HeapBaseMinAddress
#     to set the Java Heap base and to place the Java Heap above 4GB virtual address.
# This output file may be truncated or incomplete.
#
#  Out of Memory Error (os_windows.cpp:3469), pid=11216, tid=14148
#
# JRE version:  (17.0.1+12) (build )
# Java VM: Java HotSpot(TM) 64-Bit Server VM (17.0.1+12-LTS-39, mixed mode, sharing, tiered, compressed oops, compressed class ptrs, g1 gc, windows-amd64)
# No core dump will be written. Minidumps are not enabled by default on client versions of Windows
#

---------------  S U M M A R Y ------------

Command Line: -Dfile.encoding=UTF-8 Main

Host: Intel(R) Core(TM) i5-7200U CPU @ 2.50GHz, 4 cores, 7G,  Windows 10 , 64 bit Build 19041 (10.0.19041.2364)
Time: Fri Jan 27 22:16:02 2023 Mitteleuropäische Zeit elapsed time: 0.014999 seconds (0d 0h 0m 0s)

---------------  T H R E A D  ---------------

Current thread (0x000001c95294e890):  JavaThread "Unknown thread" [_thread_in_vm, id=14148, stack(0x0000000f38400000,0x0000000f38500000)]

Stack: [0x0000000f38400000,0x0000000f38500000]
Native frames: (J=compiled Java code, j=interpreted, Vv=VM code, C=native code)
V  [jvm.dll+0x66fa1a]
V  [jvm.dll+0x7ce5a4]
V  [jvm.dll+0x7cfd4e]
V  [jvm.dll+0x7d03b3]
V  [jvm.dll+0x242b05]
V  [jvm.dll+0x66ca39]
V  [jvm.dll+0x661502]
V  [jvm.dll+0x30081b]
V  [jvm.dll+0x307da6]
V  [jvm.dll+0x357a1e]
V  [jvm.dll+0x357c4f]
V  [jvm.dll+0x2d7ad8]
V  [jvm.dll+0x2d8a44]
V  [jvm.dll+0x7a01e1]
V  [jvm.dll+0x365791]
V  [jvm.dll+0x77f6cc]
V  [jvm.dll+0x3e812f]
V  [jvm.dll+0x3e9bd1]
C  [jli.dll+0x527b]
C  [ucrtbase.dll+0x21bb2]
C  [KERNEL32.DLL+0x17614]
C  [ntdll.dll+0x526a1]


---------------  P R O C E S S  ---------------

Threads class SMR info:
_java_thread_list=0x00007fffb4657818, length=0, elements={
}

Java Threads: ( => current thread )

Other Threads:
  0x000001c954add180 GCTaskThread "GC Thread#0" [stack: 0x0000000f38500000,0x0000000f38600000] [id=20152]
  0x000001c954aedd40 ConcurrentGCThread "G1 Main Marker" [stack: 0x0000000f38600000,0x0000000f38700000] [id=15260]
  0x000001c954aeeef0 ConcurrentGCThread "G1 Conc#0" [stack: 0x0000000f38700000,0x0000000f38800000] [id=3360]

[error occurred during error reporting (printing all threads), id 0xc0000005, EXCEPTION_ACCESS_VIOLATION (0xc0000005) at pc=0x00007fffb3ea84b7]

VM state: not at safepoint (not fully initialized)

VM Mutex/Monitor currently owned by a thread:  ([mutex/lock_event])
[0x000001c95294dea0] Heap_lock - owner thread: 0x000001c95294e890

Heap address: 0x0000000081c00000, size: 2020 MB, Compressed Oops mode: 32-bit

CDS archive(s) mapped at: [0x0000000000000000-0x0000000000000000-0x0000000000000000), size 0, SharedBaseAddress: 0x0000000800000000, ArchiveRelocationMode: 0.
Narrow klass base: 0x0000000000000000, Narrow klass shift: 0, Narrow klass range: 0x0

GC Precious Log:
<Empty>

Heap:
 garbage-first heap   total 0K, used 0K [0x0000000081c00000, 0x0000000100000000)
  region size 1024K, 0 young (0K), 0 survivors (0K)

[error occurred during error reporting (printing heap information), id 0xc0000005, EXCEPTION_ACCESS_VIOLATION (0xc0000005) at pc=0x00007fffb4288d89]

GC Heap History (0 events):
No events

Deoptimization events (0 events):
No events

Classes unloaded (0 events):
No events

Classes redefined (0 events):
No events

Internal exceptions (0 events):
No events

VM Operations (0 events):
No events

Events (1 events):
Event: 0.007 Loaded shared library C:\Program Files\Java\jdk-17.0.1\bin\java.dll


Dynamic libraries:
0x00007ff7540e0000 - 0x00007ff7540f0000 	C:\Program Files\Java\jdk-17.0.1\bin\java.exe
0x00007ff803070000 - 0x00007ff803268000 	C:\WINDOWS\SYSTEM32\ntdll.dll
0x00007ff8013f0000 - 0x00007ff8014af000 	C:\WINDOWS\System32\KERNEL32.DLL
0x00007ff800cc0000 - 0x00007ff800f92000 	C:\WINDOWS\System32\KERNELBASE.dll
0x00007ff800900000 - 0x00007ff800a00000 	C:\WINDOWS\System32\ucrtbase.dll
0x00007ffffc020000 - 0x00007ffffc03a000 	C:\Program Files\Java\jdk-17.0.1\bin\VCRUNTIME140.dll
0x00007ffffc740000 - 0x00007ffffc758000 	C:\Program Files\Java\jdk-17.0.1\bin\jli.dll
0x00007ff802f50000 - 0x00007ff802ffe000 	C:\WINDOWS\System32\ADVAPI32.dll
0x00007ff802cd0000 - 0x00007ff802d6e000 	C:\WINDOWS\System32\msvcrt.dll
0x00007ff8016c0000 - 0x00007ff80175c000 	C:\WINDOWS\System32\sechost.dll
0x00007ff8012c0000 - 0x00007ff8013e5000 	C:\WINDOWS\System32\RPCRT4.dll
0x00007ff801080000 - 0x00007ff801221000 	C:\WINDOWS\System32\USER32.dll
0x00007ff801050000 - 0x00007ff801072000 	C:\WINDOWS\System32\win32u.dll
0x00007fffffac0000 - 0x00007fffffd5a000 	C:\WINDOWS\WinSxS\amd64_microsoft.windows.common-controls_6595b64144ccf1df_6.0.19041.1110_none_60b5254171f9507e\COMCTL32.dll
0x00007ff801290000 - 0x00007ff8012bb000 	C:\WINDOWS\System32\GDI32.dll
0x00007ff800b80000 - 0x00007ff800c8f000 	C:\WINDOWS\System32\gdi32full.dll
0x00007ff800ae0000 - 0x00007ff800b7d000 	C:\WINDOWS\System32\msvcp_win.dll
0x00007ffffcad0000 - 0x00007ffffcada000 	C:\WINDOWS\SYSTEM32\VERSION.dll
0x00007ff802e30000 - 0x00007ff802e62000 	C:\WINDOWS\System32\IMM32.DLL
0x00007ff800140000 - 0x00007ff80014c000 	C:\Program Files\Java\jdk-17.0.1\bin\vcruntime140_1.dll
0x00007fffd6a40000 - 0x00007fffd6acd000 	C:\Program Files\Java\jdk-17.0.1\bin\msvcp140.dll
0x00007fffb3bc0000 - 0x00007fffb477e000 	C:\Program Files\Java\jdk-17.0.1\bin\server\jvm.dll
0x00007ff802e20000 - 0x00007ff802e28000 	C:\WINDOWS\System32\PSAPI.DLL
0x00007fffecda0000 - 0x00007fffecdc7000 	C:\WINDOWS\SYSTEM32\WINMM.dll
0x00007fffecce0000 - 0x00007fffecce9000 	C:\WINDOWS\SYSTEM32\WSOCK32.dll
0x00007ff801a40000 - 0x00007ff801aab000 	C:\WINDOWS\System32\WS2_32.dll
0x00007ffffe900000 - 0x00007ffffe912000 	C:\WINDOWS\SYSTEM32\kernel.appcore.dll
0x00007ffffc650000 - 0x00007ffffc65a000 	C:\Program Files\Java\jdk-17.0.1\bin\jimage.dll
0x00007ff800160000 - 0x00007ff800344000 	C:\WINDOWS\SYSTEM32\DBGHELP.DLL
0x00007ff8000a0000 - 0x00007ff8000d5000 	C:\WINDOWS\SYSTEM32\dbgcore.DLL
0x00007ff800a50000 - 0x00007ff800ad2000 	C:\WINDOWS\System32\bcryptPrimitives.dll
0x00007ffffbf70000 - 0x00007ffffbf95000 	C:\Program Files\Java\jdk-17.0.1\bin\java.dll

dbghelp: loaded successfully - version: 4.0.5 - missing functions: none
symbol engine: initialized successfully - sym options: 0x614 - pdb path: .;C:\Program Files\Java\jdk-17.0.1\bin;C:\WINDOWS\SYSTEM32;C:\WINDOWS\WinSxS\amd64_microsoft.windows.common-controls_6595b64144ccf1df_6.0.19041.1110_none_60b5254171f9507e;C:\Program Files\Java\jdk-17.0.1\bin\server

VM Arguments:
jvm_args: -Dfile.encoding=UTF-8 
java_command: Main
java_class_path (initial): C:\Users\Caro\Documents\GitHub\tamagotchi\build\classes
Launcher Type: SUN_STANDARD

[Global flags]
     intx CICompilerCount                          = 3                                         {product} {ergonomic}
     uint ConcGCThreads                            = 1                                         {product} {ergonomic}
     uint G1ConcRefinementThreads                  = 4                                         {product} {ergonomic}
   size_t G1HeapRegionSize                         = 1048576                                   {product} {ergonomic}
    uintx GCDrainStackTargetSize                   = 64                                        {product} {ergonomic}
   size_t InitialHeapSize                          = 134217728                                 {product} {ergonomic}
   size_t MarkStackSize                            = 4194304                                   {product} {ergonomic}
   size_t MaxHeapSize                              = 2118123520                                {product} {ergonomic}
   size_t MinHeapDeltaBytes                        = 1048576                                   {product} {ergonomic}
   size_t MinHeapSize                              = 8388608                                   {product} {ergonomic}
    uintx NonNMethodCodeHeapSize                   = 5832780                                {pd product} {ergonomic}
    uintx NonProfiledCodeHeapSize                  = 122912730                              {pd product} {ergonomic}
    uintx ProfiledCodeHeapSize                     = 122912730                              {pd product} {ergonomic}
    uintx ReservedCodeCacheSize                    = 251658240                              {pd product} {ergonomic}
     bool SegmentedCodeCache                       = true                                      {product} {ergonomic}
   size_t SoftMaxHeapSize                          = 2118123520                             {manageable} {ergonomic}
     bool UseCompressedClassPointers               = true                           {product lp64_product} {ergonomic}
     bool UseCompressedOops                        = true                           {product lp64_product} {ergonomic}
     bool UseG1GC                                  = true                                      {product} {ergonomic}
     bool UseLargePagesIndividualAllocation        = false                                  {pd product} {ergonomic}

Logging:
Log output configuration:
 #0: stdout all=warning uptime,level,tags
 #1: stderr all=off uptime,level,tags

Environment Variables:
PATH=C:\Program Files\Common Files\Oracle\Java\javapath;C:\Program Files (x86)\Intel\iCLS Client\;C:\Program Files\Intel\iCLS Client\;C:\WINDOWS\system32;C:\WINDOWS;C:\WINDOWS\System32\Wbem;C:\WINDOWS\System32\WindowsPowerShell\v1.0\;C:\Program Files (x86)\Intel\Intel(R) Management Engine Components\DAL;C:\Program Files\Intel\Intel(R) Management Engine Components\DAL;C:\Program Files (x86)\Intel\Intel(R) Management Engine Components\IPT;C:\Program Files\Intel\Intel(R) Management Engine Components\IPT;C:\WINDOWS\System32\OpenSSH\;C:\Program Files\Intel\WiFi\bin\;C:\Program Files\Common Files\Intel\WirelessCommon\;C:\Program Files\Microsoft SQL Server\Client SDK\ODBC\170\Tools\Binn\;C:\Program Files (x86)\Microsoft SQL Server\150\Tools\Binn\;C:\Program Files\Microsoft SQL Server\150\Tools\Binn\;C:\Program Files\Microsoft SQL Server\150\DTS\Binn\;C:\Program Files\nodejs\;C:\Program Files\Git\cmd;C:\Users\Caro\AppData\Local\Microsoft\WindowsApps;C:\Users\Caro\AppData\Local\Programs\Microsoft VS Code\bin;C:\Users\Caro\AppData\Local\GitHubDesktop\bin;C:\Users\Caro\AppData\Roaming\npm
USERNAME=Caro
OS=Windows_NT
PROCESSOR_IDENTIFIER=Intel64 Family 6 Model 142 Stepping 9, GenuineIntel



---------------  S Y S T E M  ---------------

OS:
 Windows 10 , 64 bit Build 19041 (10.0.19041.2364)
OS uptime: 1 days 9:54 hours

CPU: total 4 (initial active 4) (2 cores per cpu, 2 threads per core) family 6 model 142 stepping 9 microcode 0xb4, cx8, cmov, fxsr, ht, mmx, 3dnowpref, sse, sse2, sse3, ssse3, sse4.1, sse4.2, popcnt, lzcnt, tsc, tscinvbit, avx, avx2, aes, erms, clmul, bmi1, bmi2, adx, fma, vzeroupper, clflush, clflushopt

Memory: 4k page, system-wide physical 8077M (1883M free)
TotalPageFile size 18913M (AvailPageFile size 93M)
current process WorkingSet (physical memory assigned to process): 10M, peak: 10M
current process commit charge ("private bytes"): 51M, peak: 179M

vm_info: Java HotSpot(TM) 64-Bit Server VM (17.0.1+12-LTS-39) for windows-amd64 JRE (17.0.1+12-LTS-39), built on Sep 27 2021 18:41:35 by "mach5one" with MS VC++ 16.8 (VS2019)

END.
