#
# There is insufficient memory for the Java Runtime Environment to continue.
# Native memory allocation (mmap) failed to map 65536 bytes for Failed to commit metaspace.
# Possible reasons:
#   The system is out of physical RAM or swap space
#   The process is running with CompressedOops enabled, and the Java Heap may be blocking the growth of the native heap
# Possible solutions:
#   Reduce memory load on the system
#   Increase physical memory or swap space
#   Check if swap backing store is full
#   Decrease Java heap size (-Xmx/-Xms)
#   Decrease number of Java threads
#   Decrease Java thread stack sizes (-Xss)
#   Set larger code cache with -XX:ReservedCodeCacheSize=
#   JVM is running with Unscaled Compressed Oops mode in which the Java heap is
#     placed in the first 4GB address space. The Java Heap base address is the
#     maximum limit for the native heap growth. Please use -XX:HeapBaseMinAddress
#     to set the Java Heap base and to place the Java Heap above 4GB virtual address.
# This output file may be truncated or incomplete.
#
#  Out of Memory Error (virtualSpaceNode.cpp:110), pid=19124, tid=21984
#
# JRE version: Java(TM) SE Runtime Environment (17.0.1+12) (build 17.0.1+12-LTS-39)
# Java VM: Java HotSpot(TM) 64-Bit Server VM (17.0.1+12-LTS-39, mixed mode, sharing, tiered, compressed oops, compressed class ptrs, g1 gc, windows-amd64)
# No core dump will be written. Minidumps are not enabled by default on client versions of Windows
#

---------------  S U M M A R Y ------------

Command Line: -Dapplication.home=C:\Program Files\Java\jdk-17.0.1 --add-modules=ALL-DEFAULT -Xms8m -Djdk.module.main=jdk.compiler jdk.compiler/com.sun.tools.javac.Main -d C:\Users\Caro\Documents\GitHub\tamagotchi\build\classes -classpath C:\Users\Caro\Documents\GitHub\tamagotchi\build\classes -sourcepath C:\Users\Caro\Documents\GitHub\tamagotchi\build\empty -target 17 -encoding UTF-8 -g -processorpath C:\Users\Caro\Documents\GitHub\tamagotchi\build\empty -s C:\Users\Caro\Documents\GitHub\tamagotchi\build\generated-sources\ap-source-output -source 17 C:\Users\Caro\Documents\GitHub\tamagotchi\src\GamePanel\Room\Kitchen.java C:\Users\Caro\Documents\GitHub\tamagotchi\src\GamePanel\Room\Outdoor.java

Host: Intel(R) Core(TM) i5-7200U CPU @ 2.50GHz, 4 cores, 7G,  Windows 10 , 64 bit Build 19041 (10.0.19041.2364)
Time: Fri Jan 27 22:17:37 2023 Mitteleuropäische Zeit elapsed time: 0.296083 seconds (0d 0h 0m 0s)

---------------  T H R E A D  ---------------

Current thread (0x00000148caadfa10):  JavaThread "main" [_thread_in_vm, id=21984, stack(0x0000003e17400000,0x0000003e17500000)]

Stack: [0x0000003e17400000,0x0000003e17500000]
Native frames: (J=compiled Java code, j=interpreted, Vv=VM code, C=native code)
V  [jvm.dll+0x66fa1a]
V  [jvm.dll+0x7ce5a4]
V  [jvm.dll+0x7cfd4e]
V  [jvm.dll+0x7d03b3]
V  [jvm.dll+0x242b05]
V  [jvm.dll+0x7ca54b]
V  [jvm.dll+0x615b76]
V  [jvm.dll+0x1be19e]
V  [jvm.dll+0x6184b1]
V  [jvm.dll+0x616516]
V  [jvm.dll+0x620187]
V  [jvm.dll+0x1e7dcb]
V  [jvm.dll+0x1e8305]
V  [jvm.dll+0x1e8d3f]
V  [jvm.dll+0x1de1f1]
V  [jvm.dll+0x537690]
V  [jvm.dll+0x7496c8]
V  [jvm.dll+0x7497b4]
V  [jvm.dll+0x408995]
V  [jvm.dll+0x40e9e8]
C  [java.dll+0x1971]

Java frames: (J=compiled Java code, j=interpreted, Vv=VM code)
j  java.lang.ClassLoader.defineClass2(Ljava/lang/ClassLoader;Ljava/lang/String;Ljava/nio/ByteBuffer;IILjava/security/ProtectionDomain;Ljava/lang/String;)Ljava/lang/Class;+0 java.base@17.0.1
J 479 c1 java.lang.ClassLoader.defineClass(Ljava/lang/String;Ljava/nio/ByteBuffer;Ljava/security/ProtectionDomain;)Ljava/lang/Class; java.base@17.0.1 (108 bytes) @ 0x00000148d293cda4 [0x00000148d293c600+0x00000000000007a4]
J 457 c1 java.security.SecureClassLoader.defineClass(Ljava/lang/String;Ljava/nio/ByteBuffer;Ljava/security/CodeSource;)Ljava/lang/Class; java.base@17.0.1 (12 bytes) @ 0x00000148d292c5fc [0x00000148d292c540+0x00000000000000bc]
J 426 c1 jdk.internal.loader.BuiltinClassLoader.defineClass(Ljava/lang/String;Ljdk/internal/loader/BuiltinClassLoader$LoadedModule;)Ljava/lang/Class; java.base@17.0.1 (162 bytes) @ 0x00000148d291b6b4 [0x00000148d291a0e0+0x00000000000015d4]
J 286 c1 jdk.internal.loader.BuiltinClassLoader.loadClassOrNull(Ljava/lang/String;Z)Ljava/lang/Class; java.base@17.0.1 (143 bytes) @ 0x00000148d28e02b4 [0x00000148d28dfcc0+0x00000000000005f4]
J 427 c1 jdk.internal.loader.ClassLoaders$AppClassLoader.loadClass(Ljava/lang/String;Z)Ljava/lang/Class; java.base@17.0.1 (40 bytes) @ 0x00000148d291d884 [0x00000148d291d260+0x0000000000000624]
J 300 c1 java.lang.ClassLoader.loadClass(Ljava/lang/String;)Ljava/lang/Class; java.base@17.0.1 (7 bytes) @ 0x00000148d28e5a4c [0x00000148d28e5940+0x000000000000010c]
v  ~StubRoutines::call_stub
j  com.sun.tools.javac.tree.TreeMaker.<init>(Lcom/sun/tools/javac/util/Context;)V+57 jdk.compiler@17.0.1
j  com.sun.tools.javac.tree.TreeMaker.instance(Lcom/sun/tools/javac/util/Context;)Lcom/sun/tools/javac/tree/TreeMaker;+20 jdk.compiler@17.0.1
j  com.sun.tools.javac.comp.Enter.<init>(Lcom/sun/tools/javac/util/Context;)V+45 jdk.compiler@17.0.1
j  com.sun.tools.javac.comp.Enter.instance(Lcom/sun/tools/javac/util/Context;)Lcom/sun/tools/javac/comp/Enter;+20 jdk.compiler@17.0.1
j  com.sun.tools.javac.comp.DeferredAttr.<init>(Lcom/sun/tools/javac/util/Context;)V+66 jdk.compiler@17.0.1
j  com.sun.tools.javac.comp.DeferredAttr.instance(Lcom/sun/tools/javac/util/Context;)Lcom/sun/tools/javac/comp/DeferredAttr;+20 jdk.compiler@17.0.1
j  com.sun.tools.javac.comp.AttrRecover.<init>(Lcom/sun/tools/javac/util/Context;)V+33 jdk.compiler@17.0.1
j  com.sun.tools.javac.comp.AttrRecover.instance(Lcom/sun/tools/javac/util/Context;)Lcom/sun/tools/javac/comp/AttrRecover;+20 jdk.compiler@17.0.1
j  com.sun.tools.javac.comp.Resolve.<init>(Lcom/sun/tools/javac/util/Context;)V+296 jdk.compiler@17.0.1
j  com.sun.tools.javac.comp.Resolve.instance(Lcom/sun/tools/javac/util/Context;)Lcom/sun/tools/javac/comp/Resolve;+20 jdk.compiler@17.0.1
j  com.sun.tools.javac.comp.Check.<init>(Lcom/sun/tools/javac/util/Context;)V+96 jdk.compiler@17.0.1
j  com.sun.tools.javac.comp.Check.instance(Lcom/sun/tools/javac/util/Context;)Lcom/sun/tools/javac/comp/Check;+20 jdk.compiler@17.0.1
j  com.sun.tools.javac.comp.Modules.<init>(Lcom/sun/tools/javac/util/Context;)V+111 jdk.compiler@17.0.1
j  com.sun.tools.javac.comp.Modules.instance(Lcom/sun/tools/javac/util/Context;)Lcom/sun/tools/javac/comp/Modules;+19 jdk.compiler@17.0.1
j  com.sun.tools.javac.code.Symtab.<init>(Lcom/sun/tools/javac/util/Context;)V+1041 jdk.compiler@17.0.1
j  com.sun.tools.javac.code.Symtab.instance(Lcom/sun/tools/javac/util/Context;)Lcom/sun/tools/javac/code/Symtab;+20 jdk.compiler@17.0.1
j  com.sun.tools.javac.comp.Attr.<init>(Lcom/sun/tools/javac/util/Context;)V+89 jdk.compiler@17.0.1
j  com.sun.tools.javac.comp.Attr.instance(Lcom/sun/tools/javac/util/Context;)Lcom/sun/tools/javac/comp/Attr;+20 jdk.compiler@17.0.1
j  com.sun.tools.javac.comp.Annotate.<init>(Lcom/sun/tools/javac/util/Context;)V+80 jdk.compiler@17.0.1
j  com.sun.tools.javac.comp.Annotate.instance(Lcom/sun/tools/javac/util/Context;)Lcom/sun/tools/javac/comp/Annotate;+20 jdk.compiler@17.0.1
j  com.sun.tools.javac.jvm.ClassReader.<init>(Lcom/sun/tools/javac/util/Context;)V+152 jdk.compiler@17.0.1
j  com.sun.tools.javac.jvm.ClassReader.instance(Lcom/sun/tools/javac/util/Context;)Lcom/sun/tools/javac/jvm/ClassReader;+20 jdk.compiler@17.0.1
j  com.sun.tools.javac.code.ClassFinder.<init>(Lcom/sun/tools/javac/util/Context;)V+46 jdk.compiler@17.0.1
j  com.sun.tools.javac.code.ClassFinder.instance(Lcom/sun/tools/javac/util/Context;)Lcom/sun/tools/javac/code/ClassFinder;+20 jdk.compiler@17.0.1
j  com.sun.tools.javac.main.JavaCompiler.<init>(Lcom/sun/tools/javac/util/Context;)V+130 jdk.compiler@17.0.1
j  com.sun.tools.javac.main.JavaCompiler.instance(Lcom/sun/tools/javac/util/Context;)Lcom/sun/tools/javac/main/JavaCompiler;+20 jdk.compiler@17.0.1
j  com.sun.tools.javac.processing.JavacProcessingEnvironment.<init>(Lcom/sun/tools/javac/util/Context;)V+125 jdk.compiler@17.0.1
j  com.sun.tools.javac.processing.JavacProcessingEnvironment.instance(Lcom/sun/tools/javac/util/Context;)Lcom/sun/tools/javac/processing/JavacProcessingEnvironment;+19 jdk.compiler@17.0.1
j  com.sun.tools.javac.api.BasicJavacTask.initPlugins(Ljava/util/Set;)V+148 jdk.compiler@17.0.1
j  com.sun.tools.javac.main.Main.compile([Ljava/lang/String;Lcom/sun/tools/javac/util/Context;)Lcom/sun/tools/javac/main/Main$Result;+475 jdk.compiler@17.0.1
j  com.sun.tools.javac.main.Main.compile([Ljava/lang/String;)Lcom/sun/tools/javac/main/Main$Result;+15 jdk.compiler@17.0.1
j  com.sun.tools.javac.Main.compile([Ljava/lang/String;)I+12 jdk.compiler@17.0.1
j  com.sun.tools.javac.Main.main([Ljava/lang/String;)V+1 jdk.compiler@17.0.1
v  ~StubRoutines::call_stub

---------------  P R O C E S S  ---------------

Threads class SMR info:
_java_thread_list=0x00000148e8d51500, length=12, elements={
0x00000148caadfa10, 0x00000148cabba4d0, 0x00000148cabbb9f0, 0x00000148e822c160,
0x00000148e822fa40, 0x00000148e8230aa0, 0x00000148e8231b00, 0x00000148e8236440,
0x00000148e8238db0, 0x00000148e82469f0, 0x00000148caba4790, 0x00000148e8d89170
}

Java Threads: ( => current thread )
=>0x00000148caadfa10 JavaThread "main" [_thread_in_vm, id=21984, stack(0x0000003e17400000,0x0000003e17500000)]
  0x00000148cabba4d0 JavaThread "Reference Handler" daemon [_thread_blocked, id=15656, stack(0x0000003e17b00000,0x0000003e17c00000)]
  0x00000148cabbb9f0 JavaThread "Finalizer" daemon [_thread_blocked, id=20316, stack(0x0000003e17c00000,0x0000003e17d00000)]
  0x00000148e822c160 JavaThread "Signal Dispatcher" daemon [_thread_blocked, id=21568, stack(0x0000003e17d00000,0x0000003e17e00000)]
  0x00000148e822fa40 JavaThread "Attach Listener" daemon [_thread_blocked, id=18776, stack(0x0000003e17e00000,0x0000003e17f00000)]
  0x00000148e8230aa0 JavaThread "Service Thread" daemon [_thread_blocked, id=11912, stack(0x0000003e17f00000,0x0000003e18000000)]
  0x00000148e8231b00 JavaThread "Monitor Deflation Thread" daemon [_thread_blocked, id=228, stack(0x0000003e18000000,0x0000003e18100000)]
  0x00000148e8236440 JavaThread "C2 CompilerThread0" daemon [_thread_blocked, id=9124, stack(0x0000003e18100000,0x0000003e18200000)]
  0x00000148e8238db0 JavaThread "C1 CompilerThread0" daemon [_thread_blocked, id=21784, stack(0x0000003e18200000,0x0000003e18300000)]
  0x00000148e82469f0 JavaThread "Sweeper thread" daemon [_thread_blocked, id=14252, stack(0x0000003e18300000,0x0000003e18400000)]
  0x00000148caba4790 JavaThread "Common-Cleaner" daemon [_thread_blocked, id=10140, stack(0x0000003e18400000,0x0000003e18500000)]
  0x00000148e8d89170 JavaThread "Notification Thread" daemon [_thread_blocked, id=12652, stack(0x0000003e18500000,0x0000003e18600000)]

Other Threads:
  0x00000148cabb2e10 VMThread "VM Thread" [stack: 0x0000003e17a00000,0x0000003e17b00000] [id=3264]
  0x00000148e833ece0 WatcherThread [stack: 0x0000003e18600000,0x0000003e18700000] [id=7616]
  0x00000148cab1d560 GCTaskThread "GC Thread#0" [stack: 0x0000003e17500000,0x0000003e17600000] [id=11124]
  0x00000148e904d330 GCTaskThread "GC Thread#1" [stack: 0x0000003e18700000,0x0000003e18800000] [id=9484]
  0x00000148e903bac0 GCTaskThread "GC Thread#2" [stack: 0x0000003e18800000,0x0000003e18900000] [id=15868]
  0x00000148e906c3c0 GCTaskThread "GC Thread#3" [stack: 0x0000003e18900000,0x0000003e18a00000] [id=10340]
  0x00000148cab2f040 ConcurrentGCThread "G1 Main Marker" [stack: 0x0000003e17600000,0x0000003e17700000] [id=14564]
  0x00000148cab30100 ConcurrentGCThread "G1 Conc#0" [stack: 0x0000003e17700000,0x0000003e17800000] [id=20852]
  0x00000148cab491b0 ConcurrentGCThread "G1 Refine#0" [stack: 0x0000003e17800000,0x0000003e17900000] [id=18648]
  0x00000148cab49ae0 ConcurrentGCThread "G1 Service" [stack: 0x0000003e17900000,0x0000003e17a00000] [id=14040]

Threads with active compile tasks:

VM state: not at safepoint (normal execution)

VM Mutex/Monitor currently owned by a thread:  ([mutex/lock_event])
[0x00000148caadba10] Metaspace_lock - owner thread: 0x00000148caadfa10

Heap address: 0x0000000081c00000, size: 2020 MB, Compressed Oops mode: 32-bit

CDS archive(s) mapped at: [0x0000000800000000-0x0000000800bc0000-0x0000000800bc0000), size 12320768, SharedBaseAddress: 0x0000000800000000, ArchiveRelocationMode: 0.
Compressed class space mapped at: 0x0000000800c00000-0x0000000840c00000, reserved size: 1073741824
Narrow klass base: 0x0000000800000000, Narrow klass shift: 0, Narrow klass range: 0x100000000

GC Precious Log:
 CPUs: 4 total, 4 available
 Memory: 8077M
 Large Page Support: Disabled
 NUMA Support: Disabled
 Compressed Oops: Enabled (32-bit)
 Heap Region Size: 1M
 Heap Min Capacity: 8M
 Heap Initial Capacity: 8M
 Heap Max Capacity: 2020M
 Pre-touch: Disabled
 Parallel Workers: 4
 Concurrent Workers: 1
 Concurrent Refinement Workers: 4
 Periodic GC: Disabled

Heap:
 garbage-first heap   total 8192K, used 1172K [0x0000000081c00000, 0x0000000100000000)
  region size 1024K, 2 young (2048K), 1 survivors (1024K)
 Metaspace       used 4624K, committed 4800K, reserved 1056768K
  class space    used 575K, committed 704K, reserved 1048576K

Heap Regions: E=young(eden), S=young(survivor), O=old, HS=humongous(starts), HC=humongous(continues), CS=collection set, F=free, OA=open archive, CA=closed archive, TAMS=top-at-mark-start (previous, next)
|   0|0x0000000081c00000, 0x0000000081c25200, 0x0000000081d00000| 14%| O|  |TAMS 0x0000000081c00000, 0x0000000081c00000| Untracked 
|   1|0x0000000081d00000, 0x0000000081d00000, 0x0000000081e00000|  0%| F|  |TAMS 0x0000000081d00000, 0x0000000081d00000| Untracked 
|   2|0x0000000081e00000, 0x0000000081e00000, 0x0000000081f00000|  0%| F|  |TAMS 0x0000000081e00000, 0x0000000081e00000| Untracked 
|   3|0x0000000081f00000, 0x0000000081f00000, 0x0000000082000000|  0%| F|  |TAMS 0x0000000081f00000, 0x0000000081f00000| Untracked 
|   4|0x0000000082000000, 0x0000000082100000, 0x0000000082100000|100%| S|CS|TAMS 0x0000000082000000, 0x0000000082000000| Complete 
|   5|0x0000000082100000, 0x0000000082100000, 0x0000000082200000|  0%| F|  |TAMS 0x0000000082100000, 0x0000000082100000| Untracked 
|   6|0x0000000082200000, 0x0000000082200000, 0x0000000082300000|  0%| F|  |TAMS 0x0000000082200000, 0x0000000082200000| Untracked 
|   7|0x0000000082300000, 0x00000000823c7888, 0x0000000082400000| 77%| E|  |TAMS 0x0000000082300000, 0x0000000082300000| Complete 

Card table byte_map: [0x00000148e16f0000,0x00000148e1af0000] _byte_map_base: 0x00000148e12e2000

Marking Bits (Prev, Next): (CMBitMap*) 0x00000148cab1ea90, (CMBitMap*) 0x00000148cab1ead0
 Prev Bits: [0x00000148e1ef0000, 0x00000148e3e80000)
 Next Bits: [0x00000148e3e80000, 0x00000148e5e10000)

Polling page: 0x00000148c8c70000

Metaspace:

Usage:
  Non-class:      3.95 MB used.
      Class:    575.08 KB used.
       Both:      4.52 MB used.

Virtual space:
  Non-class space:        8.00 MB reserved,       4.00 MB ( 50%) committed,  1 nodes.
      Class space:        1.00 GB reserved,     704.00 KB ( <1%) committed,  1 nodes.
             Both:        1.01 GB reserved,       4.69 MB ( <1%) committed. 

Chunk freelists:
   Non-Class:  880.00 KB
       Class:  3.24 MB
        Both:  4.09 MB

MaxMetaspaceSize: unlimited
CompressedClassSpaceSize: 1.00 GB
Initial GC threshold: 21.00 MB
Current GC threshold: 21.00 MB
CDS: on
MetaspaceReclaimPolicy: balanced
 - commit_granule_bytes: 65536.
 - commit_granule_words: 8192.
 - virtual_space_node_default_size: 1048576.
 - enlarge_chunks_in_place: 1.
 - new_chunks_are_fully_committed: 0.
 - uncommit_free_chunks: 1.
 - use_allocation_guard: 0.
 - handle_deallocations: 1.


Internal statistics:

num_allocs_failed_limit: 0.
num_arena_births: 42.
num_arena_deaths: 0.
num_vsnodes_births: 2.
num_vsnodes_deaths: 0.
num_space_committed: 75.
num_space_uncommitted: 0.
num_chunks_returned_to_freelist: 0.
num_chunks_taken_from_freelist: 208.
num_chunk_merges: 0.
num_chunk_splits: 140.
num_chunks_enlarged: 98.
num_purges: 0.
num_inconsistent_stats: 0.

CodeHeap 'non-profiled nmethods': size=120000Kb used=158Kb max_used=158Kb free=119841Kb
 bounds [0x00000148d9dc0000, 0x00000148da030000, 0x00000148e12f0000]
CodeHeap 'profiled nmethods': size=120000Kb used=700Kb max_used=700Kb free=119299Kb
 bounds [0x00000148d2890000, 0x00000148d2b00000, 0x00000148d9dc0000]
CodeHeap 'non-nmethods': size=5760Kb used=1112Kb max_used=1122Kb free=4647Kb
 bounds [0x00000148d22f0000, 0x00000148d2560000, 0x00000148d2890000]
 total_blobs=871 nmethods=480 adapters=304
 compilation: enabled
              stopped_count=0, restarted_count=0
 full_count=0

Compilation events (20 events):
Event: 0.268 Thread 0x00000148e8238db0  473       3       java.nio.Buffer::remaining (20 bytes)
Event: 0.268 Thread 0x00000148e8238db0 nmethod 473 0x00000148d2934e90 code [0x00000148d2935020, 0x00000148d29351b8]
Event: 0.268 Thread 0x00000148e8238db0  466       1       java.lang.invoke.DirectMethodHandle::internalMemberName (5 bytes)
Event: 0.268 Thread 0x00000148e8238db0 nmethod 466 0x00000148d9de7410 code [0x00000148d9de75a0, 0x00000148d9de7678]
Event: 0.268 Thread 0x00000148e8238db0  467       1       java.lang.invoke.MethodHandles$Lookup::previousLookupClass (5 bytes)
Event: 0.268 Thread 0x00000148e8238db0 nmethod 467 0x00000148d9de7710 code [0x00000148d9de78a0, 0x00000148d9de7978]
Event: 0.274 Thread 0x00000148e8238db0  474       3       java.lang.invoke.MethodTypeForm::canonicalizeAll (63 bytes)
Event: 0.275 Thread 0x00000148e8238db0 nmethod 474 0x00000148d2935290 code [0x00000148d2935480, 0x00000148d2935ad8]
Event: 0.275 Thread 0x00000148e8238db0  476       3       jdk.internal.org.objectweb.asm.Type::getArgumentsAndReturnSizes (140 bytes)
Event: 0.276 Thread 0x00000148e8238db0 nmethod 476 0x00000148d2935c90 code [0x00000148d2936080, 0x00000148d2937e98]
Event: 0.276 Thread 0x00000148e8238db0  475       3       java.lang.invoke.MethodType$ConcurrentWeakInternSet::add (66 bytes)
Event: 0.277 Thread 0x00000148e8238db0 nmethod 475 0x00000148d2938990 code [0x00000148d2938c00, 0x00000148d2939a28]
Event: 0.278 Thread 0x00000148e8238db0  477       3       sun.net.util.URLUtil::urlNoFragString (114 bytes)
Event: 0.279 Thread 0x00000148e8238db0 nmethod 477 0x00000148d2939f90 code [0x00000148d293a2c0, 0x00000148d293b308]
Event: 0.279 Thread 0x00000148e8238db0  478       3       java.security.SecureClassLoader::getProtectionDomain (38 bytes)
Event: 0.280 Thread 0x00000148e8238db0 nmethod 478 0x00000148d293b890 code [0x00000148d293ba80, 0x00000148d293c108]
Event: 0.280 Thread 0x00000148e8238db0  479       3       java.lang.ClassLoader::defineClass (108 bytes)
Event: 0.280 Thread 0x00000148e8238db0 nmethod 479 0x00000148d293c310 code [0x00000148d293c600, 0x00000148d293d618]
Event: 0.283 Thread 0x00000148e8238db0  480       3       sun.invoke.util.VerifyAccess::isClassAccessible (230 bytes)
Event: 0.284 Thread 0x00000148e8238db0 nmethod 480 0x00000148d293dc10 code [0x00000148d293df20, 0x00000148d293ee18]

GC Heap History (2 events):
Event: 0.228 GC heap before
{Heap before GC invocations=0 (full 0):
 garbage-first heap   total 8192K, used 2048K [0x0000000081c00000, 0x0000000100000000)
  region size 1024K, 3 young (3072K), 0 survivors (0K)
 Metaspace       used 2924K, committed 3136K, reserved 1056768K
  class space    used 382K, committed 448K, reserved 1048576K
}
Event: 0.232 GC heap after
{Heap after GC invocations=1 (full 0):
 garbage-first heap   total 8192K, used 1172K [0x0000000081c00000, 0x0000000100000000)
  region size 1024K, 1 young (1024K), 1 survivors (1024K)
 Metaspace       used 2924K, committed 3136K, reserved 1056768K
  class space    used 382K, committed 448K, reserved 1048576K
}

Deoptimization events (20 events):
Event: 0.105 Thread 0x00000148caadfa10 Uncommon trap: trap_request=0xffffffde fr.pc=0x00000148d9dccab8 relative=0x0000000000000858
Event: 0.105 Thread 0x00000148caadfa10 Uncommon trap: reason=class_check action=maybe_recompile pc=0x00000148d9dccab8 method=java.util.HashMap.putVal(ILjava/lang/Object;Ljava/lang/Object;ZZ)Ljava/lang/Object; @ 152 c2
Event: 0.105 Thread 0x00000148caadfa10 DEOPT PACKING pc=0x00000148d9dccab8 sp=0x0000003e174fd8b0
Event: 0.105 Thread 0x00000148caadfa10 DEOPT UNPACKING pc=0x00000148d23423a3 sp=0x0000003e174fd830 mode 2
Event: 0.105 Thread 0x00000148caadfa10 Uncommon trap: trap_request=0xffffffde fr.pc=0x00000148d9dccab8 relative=0x0000000000000858
Event: 0.105 Thread 0x00000148caadfa10 Uncommon trap: reason=class_check action=maybe_recompile pc=0x00000148d9dccab8 method=java.util.HashMap.putVal(ILjava/lang/Object;Ljava/lang/Object;ZZ)Ljava/lang/Object; @ 152 c2
Event: 0.105 Thread 0x00000148caadfa10 DEOPT PACKING pc=0x00000148d9dccab8 sp=0x0000003e174fd8b0
Event: 0.105 Thread 0x00000148caadfa10 DEOPT UNPACKING pc=0x00000148d23423a3 sp=0x0000003e174fd830 mode 2
Event: 0.154 Thread 0x00000148caadfa10 Uncommon trap: trap_request=0xffffffde fr.pc=0x00000148d9dd1840 relative=0x00000000000004e0
Event: 0.154 Thread 0x00000148caadfa10 Uncommon trap: reason=class_check action=maybe_recompile pc=0x00000148d9dd1840 method=java.util.HashMap.putVal(ILjava/lang/Object;Ljava/lang/Object;ZZ)Ljava/lang/Object; @ 253 c2
Event: 0.154 Thread 0x00000148caadfa10 DEOPT PACKING pc=0x00000148d9dd1840 sp=0x0000003e174fed50
Event: 0.154 Thread 0x00000148caadfa10 DEOPT UNPACKING pc=0x00000148d23423a3 sp=0x0000003e174fecf0 mode 2
Event: 0.154 Thread 0x00000148caadfa10 Uncommon trap: trap_request=0xffffff45 fr.pc=0x00000148d9dd1c60 relative=0x0000000000000900
Event: 0.154 Thread 0x00000148caadfa10 Uncommon trap: reason=unstable_if action=reinterpret pc=0x00000148d9dd1c60 method=java.util.HashMap.putVal(ILjava/lang/Object;Ljava/lang/Object;ZZ)Ljava/lang/Object; @ 181 c2
Event: 0.154 Thread 0x00000148caadfa10 DEOPT PACKING pc=0x00000148d9dd1c60 sp=0x0000003e174fed50
Event: 0.154 Thread 0x00000148caadfa10 DEOPT UNPACKING pc=0x00000148d23423a3 sp=0x0000003e174fecf0 mode 2
Event: 0.207 Thread 0x00000148caadfa10 DEOPT PACKING pc=0x00000148d28b7e67 sp=0x0000003e174f8f30
Event: 0.207 Thread 0x00000148caadfa10 DEOPT UNPACKING pc=0x00000148d2342b43 sp=0x0000003e174f8350 mode 0
Event: 0.218 Thread 0x00000148caadfa10 DEOPT PACKING pc=0x00000148d28b61d1 sp=0x0000003e174fd170
Event: 0.218 Thread 0x00000148caadfa10 DEOPT UNPACKING pc=0x00000148d2342b43 sp=0x0000003e174fc5e8 mode 0

Classes unloaded (0 events):
No events

Classes redefined (0 events):
No events

Internal exceptions (10 events):
Event: 0.143 Thread 0x00000148caadfa10 Exception <a 'java/lang/NoSuchMethodError'{0x00000000822e5138}: 'void java.lang.invoke.DirectMethodHandle$Holder.invokeSpecial(java.lang.Object, java.lang.Object, java.lang.Object)'> (0x00000000822e5138) 
thrown [t:\workspace\open\src\hotspot\share\interpreter\linkResolver.cpp, line 766]
Event: 0.178 Thread 0x00000148caadfa10 Exception <a 'java/lang/NoSuchMethodError'{0x0000000082141740}: 'java.lang.Object java.lang.invoke.DirectMethodHandle$Holder.invokeVirtual(java.lang.Object, java.lang.Object, java.lang.Object)'> (0x0000000082141740) 
thrown [t:\workspace\open\src\hotspot\share\interpreter\linkResolver.cpp, line 766]
Event: 0.181 Thread 0x00000148caadfa10 Exception <a 'java/lang/NoSuchMethodError'{0x000000008214c500}: 'int java.lang.invoke.DirectMethodHandle$Holder.invokeInterface(java.lang.Object, java.lang.Object)'> (0x000000008214c500) 
thrown [t:\workspace\open\src\hotspot\share\interpreter\linkResolver.cpp, line 766]
Event: 0.184 Thread 0x00000148caadfa10 Exception <a 'sun/nio/fs/WindowsException'{0x0000000082154a70}> (0x0000000082154a70) 
thrown [t:\workspace\open\src\hotspot\share\prims\jni.cpp, line 516]
Event: 0.185 Thread 0x00000148caadfa10 Exception <a 'sun/nio/fs/WindowsException'{0x00000000821551f8}> (0x00000000821551f8) 
thrown [t:\workspace\open\src\hotspot\share\prims\jni.cpp, line 516]
Event: 0.185 Thread 0x00000148caadfa10 Exception <a 'sun/nio/fs/WindowsException'{0x0000000082155d60}> (0x0000000082155d60) 
thrown [t:\workspace\open\src\hotspot\share\prims\jni.cpp, line 516]
Event: 0.185 Thread 0x00000148caadfa10 Exception <a 'sun/nio/fs/WindowsException'{0x0000000082156020}> (0x0000000082156020) 
thrown [t:\workspace\open\src\hotspot\share\prims\jni.cpp, line 516]
Event: 0.186 Thread 0x00000148caadfa10 Exception <a 'java/lang/NoSuchMethodError'{0x000000008215b030}: 'int java.lang.invoke.DirectMethodHandle$Holder.invokeVirtual(java.lang.Object, java.lang.Object, java.lang.Object)'> (0x000000008215b030) 
thrown [t:\workspace\open\src\hotspot\share\interpreter\linkResolver.cpp, line 766]
Event: 0.188 Thread 0x00000148caadfa10 Exception <a 'java/lang/NoSuchMethodError'{0x00000000821618d8}: 'void java.lang.invoke.DirectMethodHandle$Holder.invokeInterface(java.lang.Object, java.lang.Object, java.lang.Object)'> (0x00000000821618d8) 
thrown [t:\workspace\open\src\hotspot\share\interpreter\linkResolver.cpp, line 766]
Event: 0.269 Thread 0x00000148caadfa10 Exception <a 'java/lang/NoSuchMethodError'{0x00000000823951b0}: 'int java.lang.invoke.DirectMethodHandle$Holder.invokeStaticInit(java.lang.Object, java.lang.Object)'> (0x00000000823951b0) 
thrown [t:\workspace\open\src\hotspot\share\interpreter\linkResolver.cpp, line 766]

VM Operations (8 events):
Event: 0.060 Executing VM operation: HandshakeAllThreads
Event: 0.060 Executing VM operation: HandshakeAllThreads done
Event: 0.145 Executing VM operation: HandshakeAllThreads
Event: 0.145 Executing VM operation: HandshakeAllThreads done
Event: 0.177 Executing VM operation: HandshakeAllThreads
Event: 0.177 Executing VM operation: HandshakeAllThreads done
Event: 0.228 Executing VM operation: G1CollectForAllocation
Event: 0.232 Executing VM operation: G1CollectForAllocation done

Events (20 events):
Event: 0.175 loading class java/nio/file/FileSystemNotFoundException
Event: 0.175 loading class java/nio/file/FileSystemNotFoundException done
Event: 0.176 loading class java/lang/NoSuchFieldError
Event: 0.176 loading class java/lang/NoSuchFieldError done
Event: 0.177 loading class java/util/AbstractQueue
Event: 0.177 loading class java/util/AbstractQueue done
Event: 0.180 loading class sun/nio/fs/WindowsLinkSupport
Event: 0.180 loading class sun/nio/fs/WindowsLinkSupport done
Event: 0.184 loading class sun/nio/fs/WindowsException
Event: 0.184 loading class sun/nio/fs/WindowsException done
Event: 0.184 loading class sun/nio/fs/WindowsDirectoryStream
Event: 0.184 loading class java/nio/file/DirectoryStream
Event: 0.184 loading class java/nio/file/DirectoryStream done
Event: 0.184 loading class sun/nio/fs/WindowsDirectoryStream done
Event: 0.199 loading class java/io/StringWriter
Event: 0.200 loading class java/io/StringWriter done
Event: 0.238 loading class java/nio/file/ClosedFileSystemException
Event: 0.238 loading class java/nio/file/ClosedFileSystemException done
Event: 0.238 loading class java/lang/ArrayIndexOutOfBoundsException
Event: 0.238 loading class java/lang/ArrayIndexOutOfBoundsException done


Dynamic libraries:
0x00007ff71c550000 - 0x00007ff71c558000 	C:\Program Files\Java\jdk-17.0.1\bin\javac.exe
0x00007ff803070000 - 0x00007ff803268000 	C:\WINDOWS\SYSTEM32\ntdll.dll
0x00007ff8013f0000 - 0x00007ff8014af000 	C:\WINDOWS\System32\KERNEL32.DLL
0x00007ff800cc0000 - 0x00007ff800f92000 	C:\WINDOWS\System32\KERNELBASE.dll
0x00007ff800900000 - 0x00007ff800a00000 	C:\WINDOWS\System32\ucrtbase.dll
0x00007ffffc020000 - 0x00007ffffc03a000 	C:\Program Files\Java\jdk-17.0.1\bin\VCRUNTIME140.dll
0x00007ffffc740000 - 0x00007ffffc758000 	C:\Program Files\Java\jdk-17.0.1\bin\jli.dll
0x00007ff802f50000 - 0x00007ff802ffe000 	C:\WINDOWS\System32\ADVAPI32.dll
0x00007ff802cd0000 - 0x00007ff802d6e000 	C:\WINDOWS\System32\msvcrt.dll
0x00007ff8016c0000 - 0x00007ff80175c000 	C:\WINDOWS\System32\sechost.dll
0x00007ff8012c0000 - 0x00007ff8013e5000 	C:\WINDOWS\System32\RPCRT4.dll
0x00007ff801080000 - 0x00007ff801221000 	C:\WINDOWS\System32\USER32.dll
0x00007ff801050000 - 0x00007ff801072000 	C:\WINDOWS\System32\win32u.dll
0x00007ff801290000 - 0x00007ff8012bb000 	C:\WINDOWS\System32\GDI32.dll
0x00007fffffac0000 - 0x00007fffffd5a000 	C:\WINDOWS\WinSxS\amd64_microsoft.windows.common-controls_6595b64144ccf1df_6.0.19041.1110_none_60b5254171f9507e\COMCTL32.dll
0x00007ff800b80000 - 0x00007ff800c8f000 	C:\WINDOWS\System32\gdi32full.dll
0x00007ff800ae0000 - 0x00007ff800b7d000 	C:\WINDOWS\System32\msvcp_win.dll
0x00007ffffcad0000 - 0x00007ffffcada000 	C:\WINDOWS\SYSTEM32\VERSION.dll
0x00007ff802e30000 - 0x00007ff802e62000 	C:\WINDOWS\System32\IMM32.DLL
0x00007ff800140000 - 0x00007ff80014c000 	C:\Program Files\Java\jdk-17.0.1\bin\vcruntime140_1.dll
0x00007fffd6a40000 - 0x00007fffd6acd000 	C:\Program Files\Java\jdk-17.0.1\bin\msvcp140.dll
0x00007fffb3bc0000 - 0x00007fffb477e000 	C:\Program Files\Java\jdk-17.0.1\bin\server\jvm.dll
0x00007ff802e20000 - 0x00007ff802e28000 	C:\WINDOWS\System32\PSAPI.DLL
0x00007fffecce0000 - 0x00007fffecce9000 	C:\WINDOWS\SYSTEM32\WSOCK32.dll
0x00007ff801a40000 - 0x00007ff801aab000 	C:\WINDOWS\System32\WS2_32.dll
0x00007fffecda0000 - 0x00007fffecdc7000 	C:\WINDOWS\SYSTEM32\WINMM.dll
0x00007ffffe900000 - 0x00007ffffe912000 	C:\WINDOWS\SYSTEM32\kernel.appcore.dll
0x00007ffffc650000 - 0x00007ffffc65a000 	C:\Program Files\Java\jdk-17.0.1\bin\jimage.dll
0x00007ff800160000 - 0x00007ff800344000 	C:\WINDOWS\SYSTEM32\DBGHELP.DLL
0x00007ff8000a0000 - 0x00007ff8000d5000 	C:\WINDOWS\SYSTEM32\dbgcore.DLL
0x00007ff800a50000 - 0x00007ff800ad2000 	C:\WINDOWS\System32\bcryptPrimitives.dll
0x00007ffffbf70000 - 0x00007ffffbf95000 	C:\Program Files\Java\jdk-17.0.1\bin\java.dll
0x00007fffce900000 - 0x00007fffce9d6000 	C:\Program Files\Java\jdk-17.0.1\bin\svml.dll
0x00007ff801ff0000 - 0x00007ff802734000 	C:\WINDOWS\System32\SHELL32.dll
0x00007ffffd8c0000 - 0x00007ffffe052000 	C:\WINDOWS\SYSTEM32\windows.storage.dll
0x00007ff801b20000 - 0x00007ff801e75000 	C:\WINDOWS\System32\combase.dll
0x00007ff800000000 - 0x00007ff800030000 	C:\WINDOWS\SYSTEM32\Wldp.dll
0x00007ff801f40000 - 0x00007ff801fed000 	C:\WINDOWS\System32\SHCORE.dll
0x00007ff801230000 - 0x00007ff801285000 	C:\WINDOWS\System32\shlwapi.dll
0x00007ff800670000 - 0x00007ff80068f000 	C:\WINDOWS\SYSTEM32\profapi.dll
0x00007ffff7300000 - 0x00007ffff7319000 	C:\Program Files\Java\jdk-17.0.1\bin\net.dll
0x00007ffff3c50000 - 0x00007ffff3d5c000 	C:\WINDOWS\SYSTEM32\WINHTTP.dll
0x00007fffff740000 - 0x00007fffff7aa000 	C:\WINDOWS\system32\mswsock.dll
0x00007ffff66b0000 - 0x00007ffff66c5000 	C:\Program Files\Java\jdk-17.0.1\bin\nio.dll

dbghelp: loaded successfully - version: 4.0.5 - missing functions: none
symbol engine: initialized successfully - sym options: 0x614 - pdb path: .;C:\Program Files\Java\jdk-17.0.1\bin;C:\WINDOWS\SYSTEM32;C:\WINDOWS\WinSxS\amd64_microsoft.windows.common-controls_6595b64144ccf1df_6.0.19041.1110_none_60b5254171f9507e;C:\Program Files\Java\jdk-17.0.1\bin\server

VM Arguments:
jvm_args: -Dapplication.home=C:\Program Files\Java\jdk-17.0.1 --add-modules=ALL-DEFAULT -Xms8m -Djdk.module.main=jdk.compiler 
java_command: jdk.compiler/com.sun.tools.javac.Main -d C:\Users\Caro\Documents\GitHub\tamagotchi\build\classes -classpath C:\Users\Caro\Documents\GitHub\tamagotchi\build\classes -sourcepath C:\Users\Caro\Documents\GitHub\tamagotchi\build\empty -target 17 -encoding UTF-8 -g -processorpath C:\Users\Caro\Documents\GitHub\tamagotchi\build\empty -s C:\Users\Caro\Documents\GitHub\tamagotchi\build\generated-sources\ap-source-output -source 17 C:\Users\Caro\Documents\GitHub\tamagotchi\src\GamePanel\Room\Kitchen.java C:\Users\Caro\Documents\GitHub\tamagotchi\src\GamePanel\Room\Outdoor.java
java_class_path (initial): <not set>
Launcher Type: SUN_STANDARD

[Global flags]
     intx CICompilerCount                          = 3                                         {product} {ergonomic}
     uint ConcGCThreads                            = 1                                         {product} {ergonomic}
     uint G1ConcRefinementThreads                  = 4                                         {product} {ergonomic}
   size_t G1HeapRegionSize                         = 1048576                                   {product} {ergonomic}
    uintx GCDrainStackTargetSize                   = 64                                        {product} {ergonomic}
   size_t InitialHeapSize                          = 8388608                                   {product} {command line}
   size_t MarkStackSize                            = 4194304                                   {product} {ergonomic}
   size_t MaxHeapSize                              = 2118123520                                {product} {ergonomic}
   size_t MaxNewSize                               = 1270874112                                {product} {ergonomic}
   size_t MinHeapDeltaBytes                        = 1048576                                   {product} {ergonomic}
   size_t MinHeapSize                              = 8388608                                   {product} {command line}
    uintx NonNMethodCodeHeapSize                   = 5832780                                {pd product} {ergonomic}
    uintx NonProfiledCodeHeapSize                  = 122912730                              {pd product} {ergonomic}
    uintx ProfiledCodeHeapSize                     = 122912730                              {pd product} {ergonomic}
    uintx ReservedCodeCacheSize                    = 251658240                              {pd product} {ergonomic}
     bool SegmentedCodeCache                       = true                                      {product} {ergonomic}
   size_t SoftMaxHeapSize                          = 2118123520                             {manageable} {ergonomic}
     bool UseCompressedClassPointers               = true                           {product lp64_product} {ergonomic}
     bool UseCompressedOops                        = true                           {product lp64_product} {ergonomic}
     bool UseG1GC                                  = true                                      {product} {ergonomic}
     bool UseLargePagesIndividualAllocation        = false                                  {pd product} {ergonomic}

Logging:
Log output configuration:
 #0: stdout all=warning uptime,level,tags
 #1: stderr all=off uptime,level,tags

Environment Variables:
PATH=C:\Program Files\Common Files\Oracle\Java\javapath;C:\Program Files (x86)\Intel\iCLS Client\;C:\Program Files\Intel\iCLS Client\;C:\WINDOWS\system32;C:\WINDOWS;C:\WINDOWS\System32\Wbem;C:\WINDOWS\System32\WindowsPowerShell\v1.0\;C:\Program Files (x86)\Intel\Intel(R) Management Engine Components\DAL;C:\Program Files\Intel\Intel(R) Management Engine Components\DAL;C:\Program Files (x86)\Intel\Intel(R) Management Engine Components\IPT;C:\Program Files\Intel\Intel(R) Management Engine Components\IPT;C:\WINDOWS\System32\OpenSSH\;C:\Program Files\Intel\WiFi\bin\;C:\Program Files\Common Files\Intel\WirelessCommon\;C:\Program Files\Microsoft SQL Server\Client SDK\ODBC\170\Tools\Binn\;C:\Program Files (x86)\Microsoft SQL Server\150\Tools\Binn\;C:\Program Files\Microsoft SQL Server\150\Tools\Binn\;C:\Program Files\Microsoft SQL Server\150\DTS\Binn\;C:\Program Files\nodejs\;C:\Program Files\Git\cmd;C:\Users\Caro\AppData\Local\Microsoft\WindowsApps;C:\Users\Caro\AppData\Local\Programs\Microsoft VS Code\bin;C:\Users\Caro\AppData\Local\GitHubDesktop\bin;C:\Users\Caro\AppData\Roaming\npm
USERNAME=Caro
OS=Windows_NT
PROCESSOR_IDENTIFIER=Intel64 Family 6 Model 142 Stepping 9, GenuineIntel



---------------  S Y S T E M  ---------------

OS:
 Windows 10 , 64 bit Build 19041 (10.0.19041.2364)
OS uptime: 1 days 9:56 hours

CPU: total 4 (initial active 4) (2 cores per cpu, 2 threads per core) family 6 model 142 stepping 9 microcode 0xb4, cx8, cmov, fxsr, ht, mmx, 3dnowpref, sse, sse2, sse3, ssse3, sse4.1, sse4.2, popcnt, lzcnt, tsc, tscinvbit, avx, avx2, aes, erms, clmul, bmi1, bmi2, adx, fma, vzeroupper, clflush, clflushopt

Memory: 4k page, system-wide physical 8077M (1874M free)
TotalPageFile size 18913M (AvailPageFile size 4M)
current process WorkingSet (physical memory assigned to process): 46M, peak: 46M
current process commit charge ("private bytes"): 84M, peak: 84M

vm_info: Java HotSpot(TM) 64-Bit Server VM (17.0.1+12-LTS-39) for windows-amd64 JRE (17.0.1+12-LTS-39), built on Sep 27 2021 18:41:35 by "mach5one" with MS VC++ 16.8 (VS2019)

END.
